{"C:\\Users\\JenNg\\OneDrive\\Documents\\University of Houston\\Fall 2024\\COSC 4353 - Software Design\\COSC-4353-Animal-Volunteer-System\\backend\\migrations\\20241030-create-events.js": {"path":"C:\\Users\\JenNg\\OneDrive\\Documents\\University of Houston\\Fall 2024\\COSC 4353 - Software Design\\COSC-4353-Animal-Volunteer-System\\backend\\migrations\\20241030-create-events.js","statementMap":{"0":{"start":{"line":1,"column":0},"end":{"line":79,"column":2}},"1":{"start":{"line":3,"column":6},"end":{"line":74,"column":9}},"2":{"start":{"line":77,"column":6},"end":{"line":77,"column":47}}},"fnMap":{"0":{"name":"(anonymous_0)","decl":{"start":{"line":2,"column":6},"end":{"line":2,"column":7}},"loc":{"start":{"line":2,"column":43},"end":{"line":75,"column":3}},"line":2},"1":{"name":"(anonymous_1)","decl":{"start":{"line":76,"column":8},"end":{"line":76,"column":9}},"loc":{"start":{"line":76,"column":45},"end":{"line":78,"column":3}},"line":76}},"branchMap":{},"s":{"0":1,"1":4,"2":2},"f":{"0":4,"1":2},"b":{},"_coverageSchema":"1a1c01bbd47fc00a2c39e90264f33305004495a9","hash":"c3bcbabd2720c1ef7d968d65bed0a7d332445fd9"}
,"C:\\Users\\JenNg\\OneDrive\\Documents\\University of Houston\\Fall 2024\\COSC 4353 - Software Design\\COSC-4353-Animal-Volunteer-System\\backend\\migrations\\20241031-create-volunteer-history.js": {"path":"C:\\Users\\JenNg\\OneDrive\\Documents\\University of Houston\\Fall 2024\\COSC 4353 - Software Design\\COSC-4353-Animal-Volunteer-System\\backend\\migrations\\20241031-create-volunteer-history.js","statementMap":{"0":{"start":{"line":1,"column":0},"end":{"line":43,"column":2}},"1":{"start":{"line":3,"column":8},"end":{"line":7,"column":11}},"2":{"start":{"line":9,"column":29},"end":{"line":11,"column":9}},"3":{"start":{"line":12,"column":25},"end":{"line":14,"column":9}},"4":{"start":{"line":16,"column":24},"end":{"line":16,"column":26}},"5":{"start":{"line":17,"column":8},"end":{"line":28,"column":9}},"6":{"start":{"line":18,"column":12},"end":{"line":27,"column":13}},"7":{"start":{"line":19,"column":16},"end":{"line":26,"column":19}},"8":{"start":{"line":30,"column":8},"end":{"line":34,"column":9}},"9":{"start":{"line":31,"column":12},"end":{"line":33,"column":15}},"10":{"start":{"line":38,"column":8},"end":{"line":41,"column":10}}},"fnMap":{"0":{"name":"(anonymous_0)","decl":{"start":{"line":2,"column":8},"end":{"line":2,"column":9}},"loc":{"start":{"line":2,"column":45},"end":{"line":35,"column":5}},"line":2},"1":{"name":"(anonymous_1)","decl":{"start":{"line":37,"column":10},"end":{"line":37,"column":11}},"loc":{"start":{"line":37,"column":47},"end":{"line":42,"column":5}},"line":37}},"branchMap":{"0":{"loc":{"start":{"line":30,"column":8},"end":{"line":34,"column":9}},"type":"if","locations":[{"start":{"line":30,"column":8},"end":{"line":34,"column":9}},{"start":{},"end":{}}],"line":30}},"s":{"0":1,"1":3,"2":3,"3":3,"4":3,"5":3,"6":6,"7":12,"8":3,"9":3,"10":1},"f":{"0":3,"1":1},"b":{"0":[3,0]},"_coverageSchema":"1a1c01bbd47fc00a2c39e90264f33305004495a9","hash":"09505871fdba1725ad050f9eac2f02df841c2d96"}
,"C:\\Users\\JenNg\\OneDrive\\Documents\\University of Houston\\Fall 2024\\COSC 4353 - Software Design\\COSC-4353-Animal-Volunteer-System\\backend\\models\\event.js": {"path":"C:\\Users\\JenNg\\OneDrive\\Documents\\University of Houston\\Fall 2024\\COSC 4353 - Software Design\\COSC-4353-Animal-Volunteer-System\\backend\\models\\event.js","statementMap":{"0":{"start":{"line":1,"column":0},"end":{"line":94,"column":2}},"1":{"start":{"line":2,"column":16},"end":{"line":81,"column":4}},"2":{"start":{"line":83,"column":2},"end":{"line":91,"column":4}},"3":{"start":{"line":84,"column":6},"end":{"line":87,"column":9}},"4":{"start":{"line":88,"column":6},"end":{"line":90,"column":9}},"5":{"start":{"line":93,"column":2},"end":{"line":93,"column":15}}},"fnMap":{"0":{"name":"(anonymous_0)","decl":{"start":{"line":1,"column":17},"end":{"line":1,"column":18}},"loc":{"start":{"line":1,"column":43},"end":{"line":94,"column":1}},"line":1},"1":{"name":"(anonymous_1)","decl":{"start":{"line":83,"column":20},"end":{"line":83,"column":21}},"loc":{"start":{"line":83,"column":32},"end":{"line":91,"column":3}},"line":83}},"branchMap":{},"s":{"0":21,"1":21,"2":21,"3":21,"4":21,"5":21},"f":{"0":21,"1":21},"b":{},"_coverageSchema":"1a1c01bbd47fc00a2c39e90264f33305004495a9","hash":"34c13ed8ec5144ce2f7f6875ca1c4ba594e26a13"}
,"C:\\Users\\JenNg\\OneDrive\\Documents\\University of Houston\\Fall 2024\\COSC 4353 - Software Design\\COSC-4353-Animal-Volunteer-System\\backend\\models\\history.js": {"path":"C:\\Users\\JenNg\\OneDrive\\Documents\\University of Houston\\Fall 2024\\COSC 4353 - Software Design\\COSC-4353-Animal-Volunteer-System\\backend\\models\\history.js","statementMap":{"0":{"start":{"line":1,"column":0},"end":{"line":54,"column":2}},"1":{"start":{"line":2,"column":29},"end":{"line":40,"column":6}},"2":{"start":{"line":42,"column":4},"end":{"line":51,"column":6}},"3":{"start":{"line":43,"column":8},"end":{"line":46,"column":11}},"4":{"start":{"line":47,"column":8},"end":{"line":50,"column":11}},"5":{"start":{"line":53,"column":4},"end":{"line":53,"column":28}}},"fnMap":{"0":{"name":"(anonymous_0)","decl":{"start":{"line":1,"column":17},"end":{"line":1,"column":18}},"loc":{"start":{"line":1,"column":43},"end":{"line":54,"column":1}},"line":1},"1":{"name":"(anonymous_1)","decl":{"start":{"line":42,"column":33},"end":{"line":42,"column":34}},"loc":{"start":{"line":42,"column":45},"end":{"line":51,"column":5}},"line":42}},"branchMap":{},"s":{"0":20,"1":20,"2":20,"3":20,"4":20,"5":20},"f":{"0":20,"1":20},"b":{},"_coverageSchema":"1a1c01bbd47fc00a2c39e90264f33305004495a9","hash":"9b1e59d9d0122e8b7144382f419c964cbfc3f22f"}
,"C:\\Users\\JenNg\\OneDrive\\Documents\\University of Houston\\Fall 2024\\COSC 4353 - Software Design\\COSC-4353-Animal-Volunteer-System\\backend\\models\\index.js": {"path":"C:\\Users\\JenNg\\OneDrive\\Documents\\University of Houston\\Fall 2024\\COSC 4353 - Software Design\\COSC-4353-Animal-Volunteer-System\\backend\\models\\index.js","statementMap":{"0":{"start":{"line":3,"column":11},"end":{"line":3,"column":24}},"1":{"start":{"line":4,"column":13},"end":{"line":4,"column":28}},"2":{"start":{"line":5,"column":18},"end":{"line":5,"column":38}},"3":{"start":{"line":6,"column":16},"end":{"line":6,"column":34}},"4":{"start":{"line":7,"column":17},"end":{"line":7,"column":42}},"5":{"start":{"line":8,"column":12},"end":{"line":8,"column":49}},"6":{"start":{"line":9,"column":15},"end":{"line":9,"column":65}},"7":{"start":{"line":10,"column":11},"end":{"line":10,"column":13}},"8":{"start":{"line":13,"column":0},"end":{"line":17,"column":1}},"9":{"start":{"line":14,"column":1},"end":{"line":14,"column":73}},"10":{"start":{"line":16,"column":1},"end":{"line":16,"column":86}},"11":{"start":{"line":19,"column":0},"end":{"line":32,"column":4}},"12":{"start":{"line":22,"column":2},"end":{"line":27,"column":4}},"13":{"start":{"line":30,"column":16},"end":{"line":30,"column":83}},"14":{"start":{"line":31,"column":2},"end":{"line":31,"column":25}},"15":{"start":{"line":34,"column":0},"end":{"line":38,"column":3}},"16":{"start":{"line":35,"column":1},"end":{"line":37,"column":2}},"17":{"start":{"line":36,"column":2},"end":{"line":36,"column":30}},"18":{"start":{"line":40,"column":0},"end":{"line":40,"column":25}},"19":{"start":{"line":41,"column":0},"end":{"line":41,"column":25}},"20":{"start":{"line":43,"column":0},"end":{"line":43,"column":20}}},"fnMap":{"0":{"name":"(anonymous_0)","decl":{"start":{"line":21,"column":9},"end":{"line":21,"column":10}},"loc":{"start":{"line":21,"column":17},"end":{"line":28,"column":2}},"line":21},"1":{"name":"(anonymous_1)","decl":{"start":{"line":29,"column":10},"end":{"line":29,"column":11}},"loc":{"start":{"line":29,"column":18},"end":{"line":32,"column":2}},"line":29},"2":{"name":"(anonymous_2)","decl":{"start":{"line":34,"column":24},"end":{"line":34,"column":25}},"loc":{"start":{"line":34,"column":37},"end":{"line":38,"column":1}},"line":34}},"branchMap":{"0":{"loc":{"start":{"line":8,"column":12},"end":{"line":8,"column":49}},"type":"binary-expr","locations":[{"start":{"line":8,"column":12},"end":{"line":8,"column":32}},{"start":{"line":8,"column":36},"end":{"line":8,"column":49}}],"line":8},"1":{"loc":{"start":{"line":13,"column":0},"end":{"line":17,"column":1}},"type":"if","locations":[{"start":{"line":13,"column":0},"end":{"line":17,"column":1}},{"start":{"line":15,"column":7},"end":{"line":17,"column":1}}],"line":13},"2":{"loc":{"start":{"line":23,"column":3},"end":{"line":26,"column":34}},"type":"binary-expr","locations":[{"start":{"line":23,"column":3},"end":{"line":23,"column":26}},{"start":{"line":24,"column":3},"end":{"line":24,"column":20}},{"start":{"line":25,"column":3},"end":{"line":25,"column":27}},{"start":{"line":26,"column":3},"end":{"line":26,"column":34}}],"line":23},"3":{"loc":{"start":{"line":35,"column":1},"end":{"line":37,"column":2}},"type":"if","locations":[{"start":{"line":35,"column":1},"end":{"line":37,"column":2}},{"start":{},"end":{}}],"line":35}},"s":{"0":20,"1":20,"2":20,"3":20,"4":20,"5":20,"6":20,"7":20,"8":20,"9":0,"10":20,"11":20,"12":140,"13":120,"14":120,"15":20,"16":120,"17":80,"18":20,"19":20,"20":20},"f":{"0":140,"1":120,"2":120},"b":{"0":[20,0],"1":[0,20],"2":[140,140,120,120],"3":[80,40]},"_coverageSchema":"1a1c01bbd47fc00a2c39e90264f33305004495a9","hash":"c86764cc98c6e263b532f32f2ed6fe209faf7403"}
,"C:\\Users\\JenNg\\OneDrive\\Documents\\University of Houston\\Fall 2024\\COSC 4353 - Software Design\\COSC-4353-Animal-Volunteer-System\\backend\\models\\notifications.js": {"path":"C:\\Users\\JenNg\\OneDrive\\Documents\\University of Houston\\Fall 2024\\COSC 4353 - Software Design\\COSC-4353-Animal-Volunteer-System\\backend\\models\\notifications.js","statementMap":{"0":{"start":{"line":1,"column":0},"end":{"line":33,"column":2}},"1":{"start":{"line":2,"column":25},"end":{"line":30,"column":6}},"2":{"start":{"line":32,"column":4},"end":{"line":32,"column":24}}},"fnMap":{"0":{"name":"(anonymous_0)","decl":{"start":{"line":1,"column":17},"end":{"line":1,"column":18}},"loc":{"start":{"line":1,"column":43},"end":{"line":33,"column":1}},"line":1}},"branchMap":{},"s":{"0":20,"1":20,"2":20},"f":{"0":20},"b":{},"_coverageSchema":"1a1c01bbd47fc00a2c39e90264f33305004495a9","hash":"a4174cf05bb5e71d1865ca61a35b4b0fadc68889"}
,"C:\\Users\\JenNg\\OneDrive\\Documents\\University of Houston\\Fall 2024\\COSC 4353 - Software Design\\COSC-4353-Animal-Volunteer-System\\backend\\models\\profile.js": {"path":"C:\\Users\\JenNg\\OneDrive\\Documents\\University of Houston\\Fall 2024\\COSC 4353 - Software Design\\COSC-4353-Animal-Volunteer-System\\backend\\models\\profile.js","statementMap":{"0":{"start":{"line":1,"column":0},"end":{"line":71,"column":2}},"1":{"start":{"line":2,"column":20},"end":{"line":56,"column":6}},"2":{"start":{"line":58,"column":4},"end":{"line":68,"column":6}},"3":{"start":{"line":59,"column":8},"end":{"line":62,"column":11}},"4":{"start":{"line":63,"column":8},"end":{"line":67,"column":11}},"5":{"start":{"line":70,"column":4},"end":{"line":70,"column":19}}},"fnMap":{"0":{"name":"(anonymous_0)","decl":{"start":{"line":1,"column":17},"end":{"line":1,"column":18}},"loc":{"start":{"line":1,"column":43},"end":{"line":71,"column":1}},"line":1},"1":{"name":"(anonymous_1)","decl":{"start":{"line":58,"column":24},"end":{"line":58,"column":25}},"loc":{"start":{"line":58,"column":36},"end":{"line":68,"column":5}},"line":58}},"branchMap":{},"s":{"0":20,"1":20,"2":20,"3":20,"4":20,"5":20},"f":{"0":20,"1":20},"b":{},"_coverageSchema":"1a1c01bbd47fc00a2c39e90264f33305004495a9","hash":"5b8eb766f99a7a9945150b352fa2c04a2c292f0f"}
,"C:\\Users\\JenNg\\OneDrive\\Documents\\University of Houston\\Fall 2024\\COSC 4353 - Software Design\\COSC-4353-Animal-Volunteer-System\\backend\\models\\state.js": {"path":"C:\\Users\\JenNg\\OneDrive\\Documents\\University of Houston\\Fall 2024\\COSC 4353 - Software Design\\COSC-4353-Animal-Volunteer-System\\backend\\models\\state.js","statementMap":{"0":{"start":{"line":1,"column":0},"end":{"line":18,"column":2}},"1":{"start":{"line":2,"column":18},"end":{"line":15,"column":6}},"2":{"start":{"line":17,"column":4},"end":{"line":17,"column":17}}},"fnMap":{"0":{"name":"(anonymous_0)","decl":{"start":{"line":1,"column":17},"end":{"line":1,"column":18}},"loc":{"start":{"line":1,"column":43},"end":{"line":18,"column":1}},"line":1}},"branchMap":{},"s":{"0":20,"1":20,"2":20},"f":{"0":20},"b":{},"_coverageSchema":"1a1c01bbd47fc00a2c39e90264f33305004495a9","hash":"0021bf77757997730cd9d59953c1bb5f259b8133"}
,"C:\\Users\\JenNg\\OneDrive\\Documents\\University of Houston\\Fall 2024\\COSC 4353 - Software Design\\COSC-4353-Animal-Volunteer-System\\backend\\models\\user.js": {"path":"C:\\Users\\JenNg\\OneDrive\\Documents\\University of Houston\\Fall 2024\\COSC 4353 - Software Design\\COSC-4353-Animal-Volunteer-System\\backend\\models\\user.js","statementMap":{"0":{"start":{"line":2,"column":18},"end":{"line":2,"column":38}},"1":{"start":{"line":3,"column":15},"end":{"line":3,"column":34}},"2":{"start":{"line":5,"column":0},"end":{"line":63,"column":2}},"3":{"start":{"line":12,"column":3},"end":{"line":12,"column":50}},"4":{"start":{"line":16,"column":1},"end":{"line":60,"column":4}},"5":{"start":{"line":50,"column":4},"end":{"line":52,"column":5}},"6":{"start":{"line":51,"column":5},"end":{"line":51,"column":58}},"7":{"start":{"line":55,"column":4},"end":{"line":57,"column":5}},"8":{"start":{"line":56,"column":5},"end":{"line":56,"column":58}},"9":{"start":{"line":62,"column":1},"end":{"line":62,"column":13}}},"fnMap":{"0":{"name":"(anonymous_0)","decl":{"start":{"line":5,"column":17},"end":{"line":5,"column":18}},"loc":{"start":{"line":5,"column":43},"end":{"line":63,"column":1}},"line":5},"1":{"name":"(anonymous_1)","decl":{"start":{"line":7,"column":2},"end":{"line":7,"column":3}},"loc":{"start":{"line":7,"column":27},"end":{"line":9,"column":3}},"line":7},"2":{"name":"(anonymous_2)","decl":{"start":{"line":11,"column":2},"end":{"line":11,"column":3}},"loc":{"start":{"line":11,"column":35},"end":{"line":13,"column":3}},"line":11},"3":{"name":"(anonymous_3)","decl":{"start":{"line":49,"column":17},"end":{"line":49,"column":18}},"loc":{"start":{"line":49,"column":33},"end":{"line":53,"column":4}},"line":49},"4":{"name":"(anonymous_4)","decl":{"start":{"line":54,"column":17},"end":{"line":54,"column":18}},"loc":{"start":{"line":54,"column":33},"end":{"line":58,"column":4}},"line":54}},"branchMap":{"0":{"loc":{"start":{"line":50,"column":4},"end":{"line":52,"column":5}},"type":"if","locations":[{"start":{"line":50,"column":4},"end":{"line":52,"column":5}},{"start":{},"end":{}}],"line":50},"1":{"loc":{"start":{"line":55,"column":4},"end":{"line":57,"column":5}},"type":"if","locations":[{"start":{"line":55,"column":4},"end":{"line":57,"column":5}},{"start":{},"end":{}}],"line":55}},"s":{"0":20,"1":20,"2":20,"3":0,"4":20,"5":0,"6":0,"7":0,"8":0,"9":20},"f":{"0":20,"1":20,"2":0,"3":0,"4":0},"b":{"0":[0,0],"1":[0,0]},"_coverageSchema":"1a1c01bbd47fc00a2c39e90264f33305004495a9","hash":"810e6614edac621f4ab8caf959d25c9b84fd70d0"}
,"C:\\Users\\JenNg\\OneDrive\\Documents\\University of Houston\\Fall 2024\\COSC 4353 - Software Design\\COSC-4353-Animal-Volunteer-System\\backend\\src\\app.js": {"path":"C:\\Users\\JenNg\\OneDrive\\Documents\\University of Houston\\Fall 2024\\COSC 4353 - Software Design\\COSC-4353-Animal-Volunteer-System\\backend\\src\\app.js","statementMap":{"0":{"start":{"line":1,"column":0},"end":{"line":1,"column":27}},"1":{"start":{"line":2,"column":16},"end":{"line":2,"column":34}},"2":{"start":{"line":3,"column":19},"end":{"line":3,"column":41}},"3":{"start":{"line":4,"column":13},"end":{"line":4,"column":28}},"4":{"start":{"line":5,"column":19},"end":{"line":5,"column":49}},"5":{"start":{"line":6,"column":27},"end":{"line":6,"column":65}},"6":{"start":{"line":7,"column":20},"end":{"line":7,"column":51}},"7":{"start":{"line":8,"column":23},"end":{"line":8,"column":57}},"8":{"start":{"line":9,"column":22},"end":{"line":9,"column":55}},"9":{"start":{"line":10,"column":22},"end":{"line":10,"column":55}},"10":{"start":{"line":11,"column":20},"end":{"line":11,"column":53}},"11":{"start":{"line":12,"column":20},"end":{"line":12,"column":53}},"12":{"start":{"line":14,"column":12},"end":{"line":14,"column":21}},"13":{"start":{"line":17,"column":0},"end":{"line":17,"column":27}},"14":{"start":{"line":18,"column":0},"end":{"line":18,"column":16}},"15":{"start":{"line":21,"column":0},"end":{"line":23,"column":3}},"16":{"start":{"line":22,"column":1},"end":{"line":22,"column":45}},"17":{"start":{"line":26,"column":0},"end":{"line":26,"column":33}},"18":{"start":{"line":27,"column":0},"end":{"line":27,"column":50}},"19":{"start":{"line":28,"column":0},"end":{"line":28,"column":41}},"20":{"start":{"line":29,"column":0},"end":{"line":29,"column":56}},"21":{"start":{"line":30,"column":0},"end":{"line":30,"column":39}},"22":{"start":{"line":31,"column":0},"end":{"line":31,"column":44}},"23":{"start":{"line":34,"column":0},"end":{"line":37,"column":3}},"24":{"start":{"line":35,"column":1},"end":{"line":35,"column":26}},"25":{"start":{"line":36,"column":1},"end":{"line":36,"column":60}},"26":{"start":{"line":39,"column":0},"end":{"line":53,"column":1}},"27":{"start":{"line":40,"column":14},"end":{"line":40,"column":38}},"28":{"start":{"line":41,"column":1},"end":{"line":43,"column":4}},"29":{"start":{"line":42,"column":2},"end":{"line":42,"column":48}},"30":{"start":{"line":45,"column":1},"end":{"line":45,"column":37}},"31":{"start":{"line":48,"column":4},"end":{"line":52,"column":6}},"32":{"start":{"line":55,"column":0},"end":{"line":55,"column":38}}},"fnMap":{"0":{"name":"(anonymous_0)","decl":{"start":{"line":21,"column":13},"end":{"line":21,"column":14}},"loc":{"start":{"line":21,"column":27},"end":{"line":23,"column":1}},"line":21},"1":{"name":"(anonymous_1)","decl":{"start":{"line":34,"column":8},"end":{"line":34,"column":9}},"loc":{"start":{"line":34,"column":33},"end":{"line":37,"column":1}},"line":34},"2":{"name":"(anonymous_2)","decl":{"start":{"line":41,"column":18},"end":{"line":41,"column":19}},"loc":{"start":{"line":41,"column":24},"end":{"line":43,"column":2}},"line":41}},"branchMap":{"0":{"loc":{"start":{"line":39,"column":0},"end":{"line":53,"column":1}},"type":"if","locations":[{"start":{"line":39,"column":0},"end":{"line":53,"column":1}},{"start":{},"end":{}}],"line":39},"1":{"loc":{"start":{"line":40,"column":14},"end":{"line":40,"column":38}},"type":"binary-expr","locations":[{"start":{"line":40,"column":14},"end":{"line":40,"column":30}},{"start":{"line":40,"column":34},"end":{"line":40,"column":38}}],"line":40}},"s":{"0":1,"1":1,"2":1,"3":1,"4":1,"5":1,"6":1,"7":1,"8":1,"9":1,"10":1,"11":1,"12":1,"13":1,"14":1,"15":1,"16":1,"17":1,"18":1,"19":1,"20":1,"21":1,"22":1,"23":1,"24":0,"25":0,"26":1,"27":0,"28":0,"29":0,"30":0,"31":0,"32":1},"f":{"0":1,"1":0,"2":0},"b":{"0":[0,1],"1":[0,0]},"_coverageSchema":"1a1c01bbd47fc00a2c39e90264f33305004495a9","hash":"a7154bbc2cbc21a0529e9cc9fb74adc6cf88994e"}
,"C:\\Users\\JenNg\\OneDrive\\Documents\\University of Houston\\Fall 2024\\COSC 4353 - Software Design\\COSC-4353-Animal-Volunteer-System\\backend\\src\\controllers\\authController.js": {"path":"C:\\Users\\JenNg\\OneDrive\\Documents\\University of Houston\\Fall 2024\\COSC 4353 - Software Design\\COSC-4353-Animal-Volunteer-System\\backend\\src\\controllers\\authController.js","statementMap":{"0":{"start":{"line":1,"column":20},"end":{"line":1,"column":54}},"1":{"start":{"line":3,"column":0},"end":{"line":28,"column":2}},"2":{"start":{"line":4,"column":1},"end":{"line":27,"column":2}},"3":{"start":{"line":5,"column":36},"end":{"line":5,"column":44}},"4":{"start":{"line":7,"column":2},"end":{"line":9,"column":3}},"5":{"start":{"line":8,"column":3},"end":{"line":8,"column":79}},"6":{"start":{"line":11,"column":19},"end":{"line":11,"column":72}},"7":{"start":{"line":13,"column":2},"end":{"line":23,"column":3}},"8":{"start":{"line":14,"column":3},"end":{"line":18,"column":6}},"9":{"start":{"line":20,"column":3},"end":{"line":22,"column":6}},"10":{"start":{"line":25,"column":2},"end":{"line":25,"column":56}},"11":{"start":{"line":26,"column":2},"end":{"line":26,"column":68}},"12":{"start":{"line":30,"column":0},"end":{"line":49,"column":2}},"13":{"start":{"line":31,"column":1},"end":{"line":48,"column":2}},"14":{"start":{"line":32,"column":30},"end":{"line":32,"column":38}},"15":{"start":{"line":34,"column":19},"end":{"line":34,"column":63}},"16":{"start":{"line":35,"column":2},"end":{"line":44,"column":3}},"17":{"start":{"line":36,"column":3},"end":{"line":39,"column":6}},"18":{"start":{"line":41,"column":3},"end":{"line":43,"column":6}},"19":{"start":{"line":46,"column":2},"end":{"line":46,"column":53}},"20":{"start":{"line":47,"column":2},"end":{"line":47,"column":68}},"21":{"start":{"line":51,"column":0},"end":{"line":61,"column":2}},"22":{"start":{"line":52,"column":1},"end":{"line":60,"column":2}},"23":{"start":{"line":53,"column":21},"end":{"line":53,"column":57}},"24":{"start":{"line":54,"column":2},"end":{"line":54,"column":42}},"25":{"start":{"line":56,"column":2},"end":{"line":56,"column":53}},"26":{"start":{"line":57,"column":2},"end":{"line":59,"column":5}},"27":{"start":{"line":63,"column":0},"end":{"line":73,"column":2}},"28":{"start":{"line":64,"column":1},"end":{"line":72,"column":2}},"29":{"start":{"line":65,"column":21},"end":{"line":65,"column":64}},"30":{"start":{"line":66,"column":2},"end":{"line":66,"column":42}},"31":{"start":{"line":68,"column":2},"end":{"line":68,"column":60}},"32":{"start":{"line":69,"column":2},"end":{"line":71,"column":5}}},"fnMap":{"0":{"name":"(anonymous_0)","decl":{"start":{"line":3,"column":19},"end":{"line":3,"column":20}},"loc":{"start":{"line":3,"column":39},"end":{"line":28,"column":1}},"line":3},"1":{"name":"(anonymous_1)","decl":{"start":{"line":30,"column":16},"end":{"line":30,"column":17}},"loc":{"start":{"line":30,"column":36},"end":{"line":49,"column":1}},"line":30},"2":{"name":"(anonymous_2)","decl":{"start":{"line":51,"column":27},"end":{"line":51,"column":28}},"loc":{"start":{"line":51,"column":47},"end":{"line":61,"column":1}},"line":51},"3":{"name":"(anonymous_3)","decl":{"start":{"line":63,"column":34},"end":{"line":63,"column":35}},"loc":{"start":{"line":63,"column":54},"end":{"line":73,"column":1}},"line":63}},"branchMap":{"0":{"loc":{"start":{"line":7,"column":2},"end":{"line":9,"column":3}},"type":"if","locations":[{"start":{"line":7,"column":2},"end":{"line":9,"column":3}},{"start":{},"end":{}}],"line":7},"1":{"loc":{"start":{"line":7,"column":6},"end":{"line":7,"column":25}},"type":"binary-expr","locations":[{"start":{"line":7,"column":6},"end":{"line":7,"column":12}},{"start":{"line":7,"column":16},"end":{"line":7,"column":25}}],"line":7},"2":{"loc":{"start":{"line":13,"column":2},"end":{"line":23,"column":3}},"type":"if","locations":[{"start":{"line":13,"column":2},"end":{"line":23,"column":3}},{"start":{"line":19,"column":9},"end":{"line":23,"column":3}}],"line":13},"3":{"loc":{"start":{"line":35,"column":2},"end":{"line":44,"column":3}},"type":"if","locations":[{"start":{"line":35,"column":2},"end":{"line":44,"column":3}},{"start":{"line":40,"column":9},"end":{"line":44,"column":3}}],"line":35}},"s":{"0":3,"1":3,"2":6,"3":6,"4":6,"5":1,"6":5,"7":4,"8":3,"9":1,"10":1,"11":1,"12":3,"13":6,"14":6,"15":6,"16":5,"17":3,"18":2,"19":1,"20":1,"21":3,"22":2,"23":2,"24":1,"25":1,"26":1,"27":3,"28":2,"29":2,"30":1,"31":1,"32":1},"f":{"0":6,"1":6,"2":2,"3":2},"b":{"0":[1,5],"1":[6,5],"2":[3,1],"3":[3,2]},"_coverageSchema":"1a1c01bbd47fc00a2c39e90264f33305004495a9","hash":"84f064c002fbee24864b864a989981da2f0b258a"}
,"C:\\Users\\JenNg\\OneDrive\\Documents\\University of Houston\\Fall 2024\\COSC 4353 - Software Design\\COSC-4353-Animal-Volunteer-System\\backend\\src\\controllers\\eventController.js": {"path":"C:\\Users\\JenNg\\OneDrive\\Documents\\University of Houston\\Fall 2024\\COSC 4353 - Software Design\\COSC-4353-Animal-Volunteer-System\\backend\\src\\controllers\\eventController.js","statementMap":{"0":{"start":{"line":1,"column":21},"end":{"line":1,"column":56}},"1":{"start":{"line":3,"column":0},"end":{"line":32,"column":2}},"2":{"start":{"line":4,"column":2},"end":{"line":31,"column":3}},"3":{"start":{"line":5,"column":6},"end":{"line":5,"column":51}},"4":{"start":{"line":6,"column":6},"end":{"line":10,"column":9}},"5":{"start":{"line":11,"column":6},"end":{"line":11,"column":45}},"6":{"start":{"line":13,"column":6},"end":{"line":20,"column":7}},"7":{"start":{"line":14,"column":10},"end":{"line":19,"column":13}},"8":{"start":{"line":22,"column":21},"end":{"line":22,"column":73}},"9":{"start":{"line":23,"column":6},"end":{"line":23,"column":35}},"10":{"start":{"line":25,"column":6},"end":{"line":25,"column":63}},"11":{"start":{"line":26,"column":6},"end":{"line":30,"column":7}},"12":{"start":{"line":27,"column":10},"end":{"line":27,"column":74}},"13":{"start":{"line":29,"column":10},"end":{"line":29,"column":91}},"14":{"start":{"line":34,"column":0},"end":{"line":42,"column":2}},"15":{"start":{"line":35,"column":2},"end":{"line":41,"column":3}},"16":{"start":{"line":36,"column":19},"end":{"line":36,"column":52}},"17":{"start":{"line":37,"column":4},"end":{"line":37,"column":33}},"18":{"start":{"line":39,"column":4},"end":{"line":39,"column":51}},"19":{"start":{"line":40,"column":4},"end":{"line":40,"column":85}},"20":{"start":{"line":44,"column":0},"end":{"line":57,"column":2}},"21":{"start":{"line":45,"column":2},"end":{"line":56,"column":3}},"22":{"start":{"line":46,"column":4},"end":{"line":46,"column":58}},"23":{"start":{"line":47,"column":18},"end":{"line":47,"column":64}},"24":{"start":{"line":48,"column":4},"end":{"line":48,"column":32}},"25":{"start":{"line":50,"column":4},"end":{"line":50,"column":50}},"26":{"start":{"line":51,"column":4},"end":{"line":55,"column":5}},"27":{"start":{"line":52,"column":6},"end":{"line":52,"column":55}},"28":{"start":{"line":54,"column":6},"end":{"line":54,"column":87}},"29":{"start":{"line":59,"column":0},"end":{"line":67,"column":2}},"30":{"start":{"line":60,"column":2},"end":{"line":66,"column":3}},"31":{"start":{"line":61,"column":20},"end":{"line":61,"column":55}},"32":{"start":{"line":62,"column":4},"end":{"line":62,"column":34}},"33":{"start":{"line":64,"column":4},"end":{"line":64,"column":57}},"34":{"start":{"line":65,"column":4},"end":{"line":65,"column":85}}},"fnMap":{"0":{"name":"(anonymous_0)","decl":{"start":{"line":3,"column":22},"end":{"line":3,"column":23}},"loc":{"start":{"line":3,"column":42},"end":{"line":32,"column":1}},"line":3},"1":{"name":"(anonymous_1)","decl":{"start":{"line":34,"column":23},"end":{"line":34,"column":24}},"loc":{"start":{"line":34,"column":43},"end":{"line":42,"column":1}},"line":34},"2":{"name":"(anonymous_2)","decl":{"start":{"line":44,"column":23},"end":{"line":44,"column":24}},"loc":{"start":{"line":44,"column":43},"end":{"line":57,"column":1}},"line":44},"3":{"name":"(anonymous_3)","decl":{"start":{"line":59,"column":25},"end":{"line":59,"column":26}},"loc":{"start":{"line":59,"column":45},"end":{"line":67,"column":1}},"line":59}},"branchMap":{"0":{"loc":{"start":{"line":13,"column":6},"end":{"line":20,"column":7}},"type":"if","locations":[{"start":{"line":13,"column":6},"end":{"line":20,"column":7}},{"start":{},"end":{}}],"line":13},"1":{"loc":{"start":{"line":26,"column":6},"end":{"line":30,"column":7}},"type":"if","locations":[{"start":{"line":26,"column":6},"end":{"line":30,"column":7}},{"start":{"line":28,"column":13},"end":{"line":30,"column":7}}],"line":26},"2":{"loc":{"start":{"line":27,"column":41},"end":{"line":27,"column":70}},"type":"binary-expr","locations":[{"start":{"line":27,"column":41},"end":{"line":27,"column":53}},{"start":{"line":27,"column":57},"end":{"line":27,"column":70}}],"line":27},"3":{"loc":{"start":{"line":51,"column":4},"end":{"line":55,"column":5}},"type":"if","locations":[{"start":{"line":51,"column":4},"end":{"line":55,"column":5}},{"start":{"line":53,"column":11},"end":{"line":55,"column":5}}],"line":51}},"s":{"0":3,"1":3,"2":3,"3":3,"4":3,"5":3,"6":3,"7":1,"8":2,"9":1,"10":1,"11":1,"12":1,"13":0,"14":3,"15":2,"16":2,"17":1,"18":1,"19":1,"20":3,"21":2,"22":2,"23":2,"24":1,"25":1,"26":1,"27":1,"28":0,"29":3,"30":2,"31":2,"32":1,"33":1,"34":1},"f":{"0":3,"1":2,"2":2,"3":2},"b":{"0":[1,2],"1":[1,0],"2":[1,0],"3":[1,0]},"_coverageSchema":"1a1c01bbd47fc00a2c39e90264f33305004495a9","hash":"b7d76558c8eea0957928de73023417a47aa42b46"}
,"C:\\Users\\JenNg\\OneDrive\\Documents\\University of Houston\\Fall 2024\\COSC 4353 - Software Design\\COSC-4353-Animal-Volunteer-System\\backend\\src\\controllers\\historyController.js": {"path":"C:\\Users\\JenNg\\OneDrive\\Documents\\University of Houston\\Fall 2024\\COSC 4353 - Software Design\\COSC-4353-Animal-Volunteer-System\\backend\\src\\controllers\\historyController.js","statementMap":{"0":{"start":{"line":1,"column":23},"end":{"line":1,"column":60}},"1":{"start":{"line":3,"column":0},"end":{"line":7,"column":2}},"2":{"start":{"line":4,"column":1},"end":{"line":4,"column":57}},"3":{"start":{"line":5,"column":20},"end":{"line":5,"column":50}},"4":{"start":{"line":6,"column":1},"end":{"line":6,"column":34}},"5":{"start":{"line":9,"column":0},"end":{"line":37,"column":2}},"6":{"start":{"line":10,"column":4},"end":{"line":36,"column":5}},"7":{"start":{"line":11,"column":23},"end":{"line":11,"column":50}},"8":{"start":{"line":12,"column":8},"end":{"line":12,"column":72}},"9":{"start":{"line":14,"column":24},"end":{"line":14,"column":63}},"10":{"start":{"line":16,"column":33},"end":{"line":27,"column":11}},"11":{"start":{"line":16,"column":56},"end":{"line":27,"column":9}},"12":{"start":{"line":29,"column":8},"end":{"line":29,"column":47}},"13":{"start":{"line":31,"column":8},"end":{"line":31,"column":64}},"14":{"start":{"line":32,"column":8},"end":{"line":35,"column":11}},"15":{"start":{"line":39,"column":0},"end":{"line":80,"column":4}},"16":{"start":{"line":40,"column":19},"end":{"line":40,"column":29}},"17":{"start":{"line":41,"column":23},"end":{"line":41,"column":31}},"18":{"start":{"line":43,"column":4},"end":{"line":79,"column":5}},"19":{"start":{"line":44,"column":6},"end":{"line":49,"column":7}},"20":{"start":{"line":45,"column":8},"end":{"line":48,"column":11}},"21":{"start":{"line":51,"column":6},"end":{"line":56,"column":7}},"22":{"start":{"line":52,"column":8},"end":{"line":55,"column":11}},"23":{"start":{"line":58,"column":21},"end":{"line":58,"column":77}},"24":{"start":{"line":60,"column":6},"end":{"line":65,"column":7}},"25":{"start":{"line":61,"column":8},"end":{"line":64,"column":11}},"26":{"start":{"line":67,"column":6},"end":{"line":71,"column":9}},"27":{"start":{"line":74,"column":6},"end":{"line":74,"column":60}},"28":{"start":{"line":75,"column":6},"end":{"line":78,"column":9}},"29":{"start":{"line":82,"column":0},"end":{"line":94,"column":2}},"30":{"start":{"line":83,"column":1},"end":{"line":93,"column":2}},"31":{"start":{"line":84,"column":35},"end":{"line":84,"column":43}},"32":{"start":{"line":85,"column":2},"end":{"line":87,"column":3}},"33":{"start":{"line":86,"column":3},"end":{"line":86,"column":86}},"34":{"start":{"line":89,"column":17},"end":{"line":89,"column":118}},"35":{"start":{"line":90,"column":2},"end":{"line":90,"column":38}},"36":{"start":{"line":92,"column":2},"end":{"line":92,"column":78}}},"fnMap":{"0":{"name":"(anonymous_0)","decl":{"start":{"line":3,"column":24},"end":{"line":3,"column":25}},"loc":{"start":{"line":3,"column":38},"end":{"line":7,"column":1}},"line":3},"1":{"name":"(anonymous_1)","decl":{"start":{"line":9,"column":21},"end":{"line":9,"column":22}},"loc":{"start":{"line":9,"column":41},"end":{"line":37,"column":1}},"line":9},"2":{"name":"(anonymous_2)","decl":{"start":{"line":16,"column":45},"end":{"line":16,"column":46}},"loc":{"start":{"line":16,"column":56},"end":{"line":27,"column":9}},"line":16},"3":{"name":"(anonymous_3)","decl":{"start":{"line":39,"column":30},"end":{"line":39,"column":31}},"loc":{"start":{"line":39,"column":50},"end":{"line":80,"column":3}},"line":39},"4":{"name":"(anonymous_4)","decl":{"start":{"line":82,"column":37},"end":{"line":82,"column":38}},"loc":{"start":{"line":82,"column":57},"end":{"line":94,"column":1}},"line":82}},"branchMap":{"0":{"loc":{"start":{"line":44,"column":6},"end":{"line":49,"column":7}},"type":"if","locations":[{"start":{"line":44,"column":6},"end":{"line":49,"column":7}},{"start":{},"end":{}}],"line":44},"1":{"loc":{"start":{"line":51,"column":6},"end":{"line":56,"column":7}},"type":"if","locations":[{"start":{"line":51,"column":6},"end":{"line":56,"column":7}},{"start":{},"end":{}}],"line":51},"2":{"loc":{"start":{"line":51,"column":10},"end":{"line":51,"column":82}},"type":"binary-expr","locations":[{"start":{"line":51,"column":10},"end":{"line":51,"column":34}},{"start":{"line":51,"column":38},"end":{"line":51,"column":82}}],"line":51},"3":{"loc":{"start":{"line":60,"column":6},"end":{"line":65,"column":7}},"type":"if","locations":[{"start":{"line":60,"column":6},"end":{"line":65,"column":7}},{"start":{},"end":{}}],"line":60},"4":{"loc":{"start":{"line":63,"column":19},"end":{"line":63,"column":62}},"type":"binary-expr","locations":[{"start":{"line":63,"column":19},"end":{"line":63,"column":33}},{"start":{"line":63,"column":37},"end":{"line":63,"column":62}}],"line":63},"5":{"loc":{"start":{"line":85,"column":2},"end":{"line":87,"column":3}},"type":"if","locations":[{"start":{"line":85,"column":2},"end":{"line":87,"column":3}},{"start":{},"end":{}}],"line":85},"6":{"loc":{"start":{"line":85,"column":6},"end":{"line":85,"column":30}},"type":"binary-expr","locations":[{"start":{"line":85,"column":6},"end":{"line":85,"column":18}},{"start":{"line":85,"column":22},"end":{"line":85,"column":30}}],"line":85}},"s":{"0":3,"1":3,"2":1,"3":1,"4":1,"5":3,"6":3,"7":3,"8":3,"9":3,"10":1,"11":1,"12":1,"13":2,"14":2,"15":3,"16":6,"17":6,"18":6,"19":6,"20":1,"21":5,"22":1,"23":4,"24":3,"25":1,"26":2,"27":1,"28":1,"29":3,"30":4,"31":4,"32":4,"33":2,"34":2,"35":1,"36":1},"f":{"0":1,"1":3,"2":1,"3":6,"4":4},"b":{"0":[1,5],"1":[1,4],"2":[5,2],"3":[1,2],"4":[1,0],"5":[2,2],"6":[4,3]},"_coverageSchema":"1a1c01bbd47fc00a2c39e90264f33305004495a9","hash":"136881fd49b078e5037e5b7476ecf5615876d7d0"}
,"C:\\Users\\JenNg\\OneDrive\\Documents\\University of Houston\\Fall 2024\\COSC 4353 - Software Design\\COSC-4353-Animal-Volunteer-System\\backend\\src\\controllers\\matchingController.js": {"path":"C:\\Users\\JenNg\\OneDrive\\Documents\\University of Houston\\Fall 2024\\COSC 4353 - Software Design\\COSC-4353-Animal-Volunteer-System\\backend\\src\\controllers\\matchingController.js","statementMap":{"0":{"start":{"line":1,"column":24},"end":{"line":1,"column":62}},"1":{"start":{"line":2,"column":23},"end":{"line":2,"column":60}},"2":{"start":{"line":4,"column":0},"end":{"line":15,"column":2}},"3":{"start":{"line":5,"column":4},"end":{"line":14,"column":5}},"4":{"start":{"line":6,"column":28},"end":{"line":6,"column":38}},"5":{"start":{"line":7,"column":34},"end":{"line":7,"column":87}},"6":{"start":{"line":8,"column":8},"end":{"line":8,"column":48}},"7":{"start":{"line":10,"column":8},"end":{"line":10,"column":58}},"8":{"start":{"line":11,"column":8},"end":{"line":13,"column":11}},"9":{"start":{"line":17,"column":0},"end":{"line":27,"column":2}},"10":{"start":{"line":18,"column":4},"end":{"line":26,"column":5}},"11":{"start":{"line":19,"column":29},"end":{"line":19,"column":68}},"12":{"start":{"line":20,"column":8},"end":{"line":20,"column":43}},"13":{"start":{"line":22,"column":8},"end":{"line":22,"column":62}},"14":{"start":{"line":23,"column":8},"end":{"line":25,"column":11}},"15":{"start":{"line":29,"column":0},"end":{"line":55,"column":2}},"16":{"start":{"line":30,"column":4},"end":{"line":54,"column":5}},"17":{"start":{"line":31,"column":41},"end":{"line":31,"column":49}},"18":{"start":{"line":33,"column":8},"end":{"line":35,"column":9}},"19":{"start":{"line":34,"column":12},"end":{"line":34,"column":95}},"20":{"start":{"line":37,"column":8},"end":{"line":37,"column":69}},"21":{"start":{"line":39,"column":23},"end":{"line":43,"column":9}},"22":{"start":{"line":45,"column":8},"end":{"line":45,"column":37}},"23":{"start":{"line":47,"column":8},"end":{"line":47,"column":67}},"24":{"start":{"line":48,"column":23},"end":{"line":48,"column":42}},"25":{"start":{"line":49,"column":24},"end":{"line":51,"column":25}},"26":{"start":{"line":53,"column":8},"end":{"line":53,"column":45}}},"fnMap":{"0":{"name":"(anonymous_0)","decl":{"start":{"line":4,"column":32},"end":{"line":4,"column":33}},"loc":{"start":{"line":4,"column":52},"end":{"line":15,"column":1}},"line":4},"1":{"name":"(anonymous_1)","decl":{"start":{"line":17,"column":26},"end":{"line":17,"column":27}},"loc":{"start":{"line":17,"column":46},"end":{"line":27,"column":1}},"line":17},"2":{"name":"(anonymous_2)","decl":{"start":{"line":29,"column":32},"end":{"line":29,"column":33}},"loc":{"start":{"line":29,"column":52},"end":{"line":55,"column":1}},"line":29}},"branchMap":{"0":{"loc":{"start":{"line":11,"column":19},"end":{"line":11,"column":38}},"type":"binary-expr","locations":[{"start":{"line":11,"column":19},"end":{"line":11,"column":31}},{"start":{"line":11,"column":35},"end":{"line":11,"column":38}}],"line":11},"1":{"loc":{"start":{"line":12,"column":21},"end":{"line":12,"column":74}},"type":"binary-expr","locations":[{"start":{"line":12,"column":21},"end":{"line":12,"column":34}},{"start":{"line":12,"column":38},"end":{"line":12,"column":74}}],"line":12},"2":{"loc":{"start":{"line":33,"column":8},"end":{"line":35,"column":9}},"type":"if","locations":[{"start":{"line":33,"column":8},"end":{"line":35,"column":9}},{"start":{},"end":{}}],"line":33},"3":{"loc":{"start":{"line":33,"column":12},"end":{"line":33,"column":36}},"type":"binary-expr","locations":[{"start":{"line":33,"column":12},"end":{"line":33,"column":24}},{"start":{"line":33,"column":28},"end":{"line":33,"column":36}}],"line":33},"4":{"loc":{"start":{"line":48,"column":23},"end":{"line":48,"column":42}},"type":"binary-expr","locations":[{"start":{"line":48,"column":23},"end":{"line":48,"column":35}},{"start":{"line":48,"column":39},"end":{"line":48,"column":42}}],"line":48},"5":{"loc":{"start":{"line":49,"column":24},"end":{"line":51,"column":25}},"type":"cond-expr","locations":[{"start":{"line":50,"column":12},"end":{"line":50,"column":47}},{"start":{"line":51,"column":12},"end":{"line":51,"column":25}}],"line":49}},"s":{"0":3,"1":3,"2":3,"3":3,"4":3,"5":3,"6":1,"7":2,"8":2,"9":3,"10":2,"11":2,"12":1,"13":1,"14":1,"15":3,"16":5,"17":5,"18":5,"19":2,"20":3,"21":2,"22":1,"23":2,"24":2,"25":2,"26":2},"f":{"0":3,"1":2,"2":5},"b":{"0":[2,1],"1":[2,0],"2":[2,3],"3":[5,4],"4":[2,1],"5":[1,1]},"_coverageSchema":"1a1c01bbd47fc00a2c39e90264f33305004495a9","hash":"f8735648f7927f6944ff1da5388f4ae5b24309a6"}
,"C:\\Users\\JenNg\\OneDrive\\Documents\\University of Houston\\Fall 2024\\COSC 4353 - Software Design\\COSC-4353-Animal-Volunteer-System\\backend\\src\\controllers\\notificationController.js": {"path":"C:\\Users\\JenNg\\OneDrive\\Documents\\University of Houston\\Fall 2024\\COSC 4353 - Software Design\\COSC-4353-Animal-Volunteer-System\\backend\\src\\controllers\\notificationController.js","statementMap":{"0":{"start":{"line":1,"column":28},"end":{"line":1,"column":70}},"1":{"start":{"line":3,"column":25},"end":{"line":46,"column":1}},"2":{"start":{"line":4,"column":4},"end":{"line":45,"column":5}},"3":{"start":{"line":5,"column":25},"end":{"line":5,"column":34}},"4":{"start":{"line":6,"column":26},"end":{"line":6,"column":39}},"5":{"start":{"line":7,"column":25},"end":{"line":7,"column":37}},"6":{"start":{"line":9,"column":8},"end":{"line":13,"column":11}},"7":{"start":{"line":16,"column":8},"end":{"line":38,"column":9}},"8":{"start":{"line":17,"column":12},"end":{"line":23,"column":13}},"9":{"start":{"line":18,"column":16},"end":{"line":18,"column":80}},"10":{"start":{"line":19,"column":16},"end":{"line":19,"column":82}},"11":{"start":{"line":21,"column":16},"end":{"line":21,"column":93}},"12":{"start":{"line":22,"column":16},"end":{"line":22,"column":81}},"13":{"start":{"line":25,"column":12},"end":{"line":27,"column":13}},"14":{"start":{"line":26,"column":16},"end":{"line":26,"column":97}},"15":{"start":{"line":26,"column":69},"end":{"line":26,"column":95}},"16":{"start":{"line":29,"column":12},"end":{"line":29,"column":76}},"17":{"start":{"line":31,"column":12},"end":{"line":34,"column":15}},"18":{"start":{"line":36,"column":12},"end":{"line":36,"column":66}},"19":{"start":{"line":37,"column":12},"end":{"line":37,"column":24}},"20":{"start":{"line":40,"column":8},"end":{"line":40,"column":59}},"21":{"start":{"line":41,"column":8},"end":{"line":44,"column":11}},"22":{"start":{"line":48,"column":24},"end":{"line":74,"column":1}},"23":{"start":{"line":49,"column":4},"end":{"line":73,"column":5}},"24":{"start":{"line":50,"column":19},"end":{"line":50,"column":46}},"25":{"start":{"line":51,"column":26},"end":{"line":51,"column":39}},"26":{"start":{"line":53,"column":8},"end":{"line":55,"column":9}},"27":{"start":{"line":54,"column":12},"end":{"line":54,"column":67}},"28":{"start":{"line":57,"column":29},"end":{"line":57,"column":78}},"29":{"start":{"line":59,"column":8},"end":{"line":61,"column":9}},"30":{"start":{"line":60,"column":12},"end":{"line":60,"column":79}},"31":{"start":{"line":63,"column":8},"end":{"line":67,"column":9}},"32":{"start":{"line":66,"column":12},"end":{"line":66,"column":70}},"33":{"start":{"line":69,"column":8},"end":{"line":69,"column":47}},"34":{"start":{"line":71,"column":8},"end":{"line":71,"column":58}},"35":{"start":{"line":72,"column":8},"end":{"line":72,"column":95}},"36":{"start":{"line":76,"column":24},"end":{"line":114,"column":1}},"37":{"start":{"line":77,"column":4},"end":{"line":113,"column":5}},"38":{"start":{"line":78,"column":34},"end":{"line":78,"column":42}},"39":{"start":{"line":80,"column":8},"end":{"line":84,"column":9}},"40":{"start":{"line":81,"column":12},"end":{"line":83,"column":15}},"41":{"start":{"line":86,"column":8},"end":{"line":94,"column":9}},"42":{"start":{"line":87,"column":12},"end":{"line":93,"column":15}},"43":{"start":{"line":97,"column":8},"end":{"line":101,"column":9}},"44":{"start":{"line":98,"column":12},"end":{"line":98,"column":87}},"45":{"start":{"line":99,"column":15},"end":{"line":101,"column":9}},"46":{"start":{"line":100,"column":12},"end":{"line":100,"column":89}},"47":{"start":{"line":103,"column":8},"end":{"line":106,"column":11}},"48":{"start":{"line":108,"column":8},"end":{"line":108,"column":58}},"49":{"start":{"line":109,"column":8},"end":{"line":112,"column":11}},"50":{"start":{"line":116,"column":27},"end":{"line":142,"column":1}},"51":{"start":{"line":117,"column":4},"end":{"line":141,"column":5}},"52":{"start":{"line":118,"column":23},"end":{"line":118,"column":33}},"53":{"start":{"line":119,"column":31},"end":{"line":119,"column":47}},"54":{"start":{"line":121,"column":8},"end":{"line":123,"column":9}},"55":{"start":{"line":122,"column":12},"end":{"line":122,"column":78}},"56":{"start":{"line":125,"column":36},"end":{"line":125,"column":96}},"57":{"start":{"line":127,"column":8},"end":{"line":129,"column":9}},"58":{"start":{"line":128,"column":12},"end":{"line":128,"column":79}},"59":{"start":{"line":131,"column":8},"end":{"line":134,"column":11}},"60":{"start":{"line":136,"column":8},"end":{"line":136,"column":61}},"61":{"start":{"line":137,"column":8},"end":{"line":140,"column":11}},"62":{"start":{"line":144,"column":29},"end":{"line":162,"column":1}},"63":{"start":{"line":145,"column":4},"end":{"line":161,"column":5}},"64":{"start":{"line":146,"column":22},"end":{"line":152,"column":9}},"65":{"start":{"line":154,"column":8},"end":{"line":154,"column":40}},"66":{"start":{"line":156,"column":8},"end":{"line":156,"column":63}},"67":{"start":{"line":157,"column":8},"end":{"line":160,"column":11}},"68":{"start":{"line":164,"column":19},"end":{"line":184,"column":1}},"69":{"start":{"line":165,"column":4},"end":{"line":183,"column":5}},"70":{"start":{"line":166,"column":23},"end":{"line":166,"column":33}},"71":{"start":{"line":167,"column":29},"end":{"line":167,"column":69}},"72":{"start":{"line":169,"column":8},"end":{"line":171,"column":9}},"73":{"start":{"line":170,"column":12},"end":{"line":170,"column":79}},"74":{"start":{"line":173,"column":8},"end":{"line":176,"column":11}},"75":{"start":{"line":178,"column":8},"end":{"line":178,"column":53}},"76":{"start":{"line":179,"column":8},"end":{"line":182,"column":11}},"77":{"start":{"line":186,"column":0},"end":{"line":193,"column":2}}},"fnMap":{"0":{"name":"(anonymous_0)","decl":{"start":{"line":3,"column":25},"end":{"line":3,"column":26}},"loc":{"start":{"line":3,"column":45},"end":{"line":46,"column":1}},"line":3},"1":{"name":"(anonymous_1)","decl":{"start":{"line":26,"column":53},"end":{"line":26,"column":54}},"loc":{"start":{"line":26,"column":69},"end":{"line":26,"column":95}},"line":26},"2":{"name":"(anonymous_2)","decl":{"start":{"line":48,"column":24},"end":{"line":48,"column":25}},"loc":{"start":{"line":48,"column":44},"end":{"line":74,"column":1}},"line":48},"3":{"name":"(anonymous_3)","decl":{"start":{"line":76,"column":24},"end":{"line":76,"column":25}},"loc":{"start":{"line":76,"column":44},"end":{"line":114,"column":1}},"line":76},"4":{"name":"(anonymous_4)","decl":{"start":{"line":116,"column":27},"end":{"line":116,"column":28}},"loc":{"start":{"line":116,"column":47},"end":{"line":142,"column":1}},"line":116},"5":{"name":"(anonymous_5)","decl":{"start":{"line":144,"column":29},"end":{"line":144,"column":30}},"loc":{"start":{"line":144,"column":43},"end":{"line":162,"column":1}},"line":144},"6":{"name":"(anonymous_6)","decl":{"start":{"line":164,"column":19},"end":{"line":164,"column":20}},"loc":{"start":{"line":164,"column":39},"end":{"line":184,"column":1}},"line":164}},"branchMap":{"0":{"loc":{"start":{"line":17,"column":12},"end":{"line":23,"column":13}},"type":"if","locations":[{"start":{"line":17,"column":12},"end":{"line":23,"column":13}},{"start":{"line":20,"column":19},"end":{"line":23,"column":13}}],"line":17},"1":{"loc":{"start":{"line":25,"column":12},"end":{"line":27,"column":13}},"type":"if","locations":[{"start":{"line":25,"column":12},"end":{"line":27,"column":13}},{"start":{},"end":{}}],"line":25},"2":{"loc":{"start":{"line":25,"column":16},"end":{"line":25,"column":92}},"type":"binary-expr","locations":[{"start":{"line":25,"column":16},"end":{"line":25,"column":20}},{"start":{"line":25,"column":24},"end":{"line":25,"column":92}}],"line":25},"3":{"loc":{"start":{"line":53,"column":8},"end":{"line":55,"column":9}},"type":"if","locations":[{"start":{"line":53,"column":8},"end":{"line":55,"column":9}},{"start":{},"end":{}}],"line":53},"4":{"loc":{"start":{"line":59,"column":8},"end":{"line":61,"column":9}},"type":"if","locations":[{"start":{"line":59,"column":8},"end":{"line":61,"column":9}},{"start":{},"end":{}}],"line":59},"5":{"loc":{"start":{"line":63,"column":8},"end":{"line":67,"column":9}},"type":"if","locations":[{"start":{"line":63,"column":8},"end":{"line":67,"column":9}},{"start":{},"end":{}}],"line":63},"6":{"loc":{"start":{"line":63,"column":12},"end":{"line":65,"column":53}},"type":"binary-expr","locations":[{"start":{"line":63,"column":12},"end":{"line":63,"column":36}},{"start":{"line":64,"column":12},"end":{"line":64,"column":39}},{"start":{"line":65,"column":12},"end":{"line":65,"column":53}}],"line":63},"7":{"loc":{"start":{"line":80,"column":8},"end":{"line":84,"column":9}},"type":"if","locations":[{"start":{"line":80,"column":8},"end":{"line":84,"column":9}},{"start":{},"end":{}}],"line":80},"8":{"loc":{"start":{"line":86,"column":8},"end":{"line":94,"column":9}},"type":"if","locations":[{"start":{"line":86,"column":8},"end":{"line":94,"column":9}},{"start":{},"end":{}}],"line":86},"9":{"loc":{"start":{"line":97,"column":8},"end":{"line":101,"column":9}},"type":"if","locations":[{"start":{"line":97,"column":8},"end":{"line":101,"column":9}},{"start":{"line":99,"column":15},"end":{"line":101,"column":9}}],"line":97},"10":{"loc":{"start":{"line":99,"column":15},"end":{"line":101,"column":9}},"type":"if","locations":[{"start":{"line":99,"column":15},"end":{"line":101,"column":9}},{"start":{},"end":{}}],"line":99},"11":{"loc":{"start":{"line":121,"column":8},"end":{"line":123,"column":9}},"type":"if","locations":[{"start":{"line":121,"column":8},"end":{"line":123,"column":9}},{"start":{},"end":{}}],"line":121},"12":{"loc":{"start":{"line":127,"column":8},"end":{"line":129,"column":9}},"type":"if","locations":[{"start":{"line":127,"column":8},"end":{"line":129,"column":9}},{"start":{},"end":{}}],"line":127},"13":{"loc":{"start":{"line":169,"column":8},"end":{"line":171,"column":9}},"type":"if","locations":[{"start":{"line":169,"column":8},"end":{"line":171,"column":9}},{"start":{},"end":{}}],"line":169}},"s":{"0":3,"1":3,"2":5,"3":5,"4":5,"5":5,"6":5,"7":5,"8":5,"9":1,"10":1,"11":4,"12":3,"13":4,"14":1,"15":2,"16":4,"17":4,"18":1,"19":1,"20":1,"21":1,"22":3,"23":4,"24":4,"25":4,"26":4,"27":1,"28":3,"29":3,"30":1,"31":2,"32":1,"33":1,"34":0,"35":0,"36":3,"37":3,"38":3,"39":3,"40":1,"41":2,"42":1,"43":1,"44":1,"45":0,"46":0,"47":1,"48":0,"49":0,"50":3,"51":3,"52":3,"53":3,"54":3,"55":1,"56":2,"57":2,"58":1,"59":1,"60":0,"61":0,"62":3,"63":1,"64":1,"65":1,"66":0,"67":0,"68":3,"69":2,"70":2,"71":2,"72":2,"73":1,"74":1,"75":0,"76":0,"77":3},"f":{"0":5,"1":2,"2":4,"3":3,"4":3,"5":1,"6":2},"b":{"0":[1,4],"1":[1,3],"2":[4,1],"3":[1,3],"4":[1,2],"5":[1,1],"6":[2,2,1],"7":[1,2],"8":[1,1],"9":[1,0],"10":[0,0],"11":[1,2],"12":[1,1],"13":[1,1]},"_coverageSchema":"1a1c01bbd47fc00a2c39e90264f33305004495a9","hash":"3b03dddbea12ea8377d5153da0099f221701dc07"}
,"C:\\Users\\JenNg\\OneDrive\\Documents\\University of Houston\\Fall 2024\\COSC 4353 - Software Design\\COSC-4353-Animal-Volunteer-System\\backend\\src\\controllers\\profileController.js": {"path":"C:\\Users\\JenNg\\OneDrive\\Documents\\University of Houston\\Fall 2024\\COSC 4353 - Software Design\\COSC-4353-Animal-Volunteer-System\\backend\\src\\controllers\\profileController.js","statementMap":{"0":{"start":{"line":1,"column":23},"end":{"line":1,"column":60}},"1":{"start":{"line":3,"column":0},"end":{"line":15,"column":2}},"2":{"start":{"line":4,"column":4},"end":{"line":14,"column":5}},"3":{"start":{"line":5,"column":28},"end":{"line":5,"column":65}},"4":{"start":{"line":6,"column":8},"end":{"line":6,"column":59}},"5":{"start":{"line":7,"column":8},"end":{"line":7,"column":42}},"6":{"start":{"line":9,"column":8},"end":{"line":9,"column":60}},"7":{"start":{"line":10,"column":8},"end":{"line":13,"column":11}},"8":{"start":{"line":17,"column":0},"end":{"line":27,"column":2}},"9":{"start":{"line":18,"column":4},"end":{"line":26,"column":5}},"10":{"start":{"line":19,"column":42},"end":{"line":19,"column":50}},"11":{"start":{"line":20,"column":8},"end":{"line":20,"column":87}},"12":{"start":{"line":21,"column":23},"end":{"line":21,"column":84}},"13":{"start":{"line":22,"column":8},"end":{"line":22,"column":47}},"14":{"start":{"line":24,"column":8},"end":{"line":24,"column":63}},"15":{"start":{"line":25,"column":8},"end":{"line":25,"column":89}},"16":{"start":{"line":29,"column":0},"end":{"line":56,"column":2}},"17":{"start":{"line":30,"column":4},"end":{"line":55,"column":5}},"18":{"start":{"line":31,"column":8},"end":{"line":31,"column":68}},"19":{"start":{"line":32,"column":8},"end":{"line":32,"column":55}},"20":{"start":{"line":34,"column":28},"end":{"line":38,"column":9}},"21":{"start":{"line":40,"column":23},"end":{"line":40,"column":82}},"22":{"start":{"line":42,"column":8},"end":{"line":48,"column":9}},"23":{"start":{"line":43,"column":12},"end":{"line":43,"column":56}},"24":{"start":{"line":44,"column":12},"end":{"line":44,"column":41}},"25":{"start":{"line":46,"column":12},"end":{"line":46,"column":66}},"26":{"start":{"line":47,"column":12},"end":{"line":47,"column":72}},"27":{"start":{"line":50,"column":8},"end":{"line":50,"column":67}},"28":{"start":{"line":51,"column":8},"end":{"line":54,"column":11}},"29":{"start":{"line":58,"column":0},"end":{"line":79,"column":2}},"30":{"start":{"line":59,"column":4},"end":{"line":78,"column":5}},"31":{"start":{"line":60,"column":8},"end":{"line":60,"column":61}},"32":{"start":{"line":61,"column":24},"end":{"line":61,"column":67}},"33":{"start":{"line":63,"column":8},"end":{"line":68,"column":9}},"34":{"start":{"line":64,"column":12},"end":{"line":64,"column":66}},"35":{"start":{"line":65,"column":12},"end":{"line":67,"column":15}},"36":{"start":{"line":70,"column":8},"end":{"line":70,"column":47}},"37":{"start":{"line":71,"column":8},"end":{"line":71,"column":38}},"38":{"start":{"line":73,"column":8},"end":{"line":73,"column":53}},"39":{"start":{"line":74,"column":8},"end":{"line":77,"column":11}}},"fnMap":{"0":{"name":"(anonymous_0)","decl":{"start":{"line":3,"column":25},"end":{"line":3,"column":26}},"loc":{"start":{"line":3,"column":45},"end":{"line":15,"column":1}},"line":3},"1":{"name":"(anonymous_1)","decl":{"start":{"line":17,"column":31},"end":{"line":17,"column":32}},"loc":{"start":{"line":17,"column":51},"end":{"line":27,"column":1}},"line":17},"2":{"name":"(anonymous_2)","decl":{"start":{"line":29,"column":24},"end":{"line":29,"column":25}},"loc":{"start":{"line":29,"column":44},"end":{"line":56,"column":1}},"line":29},"3":{"name":"(anonymous_3)","decl":{"start":{"line":58,"column":21},"end":{"line":58,"column":22}},"loc":{"start":{"line":58,"column":41},"end":{"line":79,"column":1}},"line":58}},"branchMap":{"0":{"loc":{"start":{"line":42,"column":8},"end":{"line":48,"column":9}},"type":"if","locations":[{"start":{"line":42,"column":8},"end":{"line":48,"column":9}},{"start":{"line":45,"column":15},"end":{"line":48,"column":9}}],"line":42},"1":{"loc":{"start":{"line":63,"column":8},"end":{"line":68,"column":9}},"type":"if","locations":[{"start":{"line":63,"column":8},"end":{"line":68,"column":9}},{"start":{},"end":{}}],"line":63}},"s":{"0":3,"1":3,"2":2,"3":2,"4":1,"5":1,"6":1,"7":1,"8":3,"9":3,"10":3,"11":3,"12":3,"13":2,"14":1,"15":1,"16":3,"17":3,"18":3,"19":3,"20":3,"21":3,"22":2,"23":1,"24":1,"25":1,"26":1,"27":1,"28":1,"29":3,"30":3,"31":3,"32":3,"33":2,"34":1,"35":1,"36":1,"37":1,"38":1,"39":1},"f":{"0":2,"1":3,"2":3,"3":3},"b":{"0":[1,1],"1":[1,1]},"_coverageSchema":"1a1c01bbd47fc00a2c39e90264f33305004495a9","hash":"032f5e999953ecf10bbf304c6191554a003e289d"}
,"C:\\Users\\JenNg\\OneDrive\\Documents\\University of Houston\\Fall 2024\\COSC 4353 - Software Design\\COSC-4353-Animal-Volunteer-System\\backend\\src\\middleware\\authMiddleware.js": {"path":"C:\\Users\\JenNg\\OneDrive\\Documents\\University of Houston\\Fall 2024\\COSC 4353 - Software Design\\COSC-4353-Animal-Volunteer-System\\backend\\src\\middleware\\authMiddleware.js","statementMap":{"0":{"start":{"line":1,"column":12},"end":{"line":1,"column":35}},"1":{"start":{"line":2,"column":17},"end":{"line":2,"column":40}},"2":{"start":{"line":4,"column":23},"end":{"line":144,"column":1}},"3":{"start":{"line":6,"column":2},"end":{"line":49,"column":3}},"4":{"start":{"line":7,"column":22},"end":{"line":7,"column":50}},"5":{"start":{"line":8,"column":3},"end":{"line":10,"column":4}},"6":{"start":{"line":9,"column":4},"end":{"line":9,"column":66}},"7":{"start":{"line":12,"column":17},"end":{"line":12,"column":41}},"8":{"start":{"line":13,"column":3},"end":{"line":15,"column":4}},"9":{"start":{"line":14,"column":4},"end":{"line":14,"column":64}},"10":{"start":{"line":17,"column":3},"end":{"line":45,"column":4}},"11":{"start":{"line":18,"column":20},"end":{"line":18,"column":61}},"12":{"start":{"line":19,"column":17},"end":{"line":24,"column":6}},"13":{"start":{"line":26,"column":4},"end":{"line":30,"column":5}},"14":{"start":{"line":27,"column":5},"end":{"line":29,"column":8}},"15":{"start":{"line":32,"column":4},"end":{"line":32,"column":25}},"16":{"start":{"line":33,"column":4},"end":{"line":33,"column":31}},"17":{"start":{"line":34,"column":4},"end":{"line":34,"column":29}},"18":{"start":{"line":36,"column":4},"end":{"line":36,"column":11}},"19":{"start":{"line":38,"column":4},"end":{"line":40,"column":5}},"20":{"start":{"line":39,"column":5},"end":{"line":39,"column":67}},"21":{"start":{"line":41,"column":4},"end":{"line":43,"column":5}},"22":{"start":{"line":42,"column":5},"end":{"line":42,"column":63}},"23":{"start":{"line":44,"column":4},"end":{"line":44,"column":14}},"24":{"start":{"line":47,"column":3},"end":{"line":47,"column":60}},"25":{"start":{"line":48,"column":3},"end":{"line":48,"column":69}},"26":{"start":{"line":53,"column":2},"end":{"line":68,"column":3}},"27":{"start":{"line":54,"column":3},"end":{"line":56,"column":4}},"28":{"start":{"line":55,"column":4},"end":{"line":55,"column":72}},"29":{"start":{"line":58,"column":3},"end":{"line":62,"column":4}},"30":{"start":{"line":59,"column":4},"end":{"line":61,"column":7}},"31":{"start":{"line":64,"column":3},"end":{"line":64,"column":10}},"32":{"start":{"line":66,"column":3},"end":{"line":66,"column":60}},"33":{"start":{"line":67,"column":3},"end":{"line":67,"column":69}},"34":{"start":{"line":72,"column":2},"end":{"line":87,"column":3}},"35":{"start":{"line":73,"column":3},"end":{"line":75,"column":4}},"36":{"start":{"line":74,"column":4},"end":{"line":74,"column":72}},"37":{"start":{"line":77,"column":3},"end":{"line":81,"column":4}},"38":{"start":{"line":78,"column":4},"end":{"line":80,"column":7}},"39":{"start":{"line":83,"column":3},"end":{"line":83,"column":10}},"40":{"start":{"line":85,"column":3},"end":{"line":85,"column":64}},"41":{"start":{"line":86,"column":3},"end":{"line":86,"column":69}},"42":{"start":{"line":92,"column":2},"end":{"line":125,"column":3}},"43":{"start":{"line":93,"column":22},"end":{"line":93,"column":50}},"44":{"start":{"line":94,"column":3},"end":{"line":98,"column":4}},"45":{"start":{"line":96,"column":4},"end":{"line":96,"column":20}},"46":{"start":{"line":97,"column":4},"end":{"line":97,"column":18}},"47":{"start":{"line":100,"column":17},"end":{"line":100,"column":41}},"48":{"start":{"line":101,"column":3},"end":{"line":104,"column":4}},"49":{"start":{"line":102,"column":4},"end":{"line":102,"column":20}},"50":{"start":{"line":103,"column":4},"end":{"line":103,"column":18}},"51":{"start":{"line":106,"column":3},"end":{"line":121,"column":4}},"52":{"start":{"line":107,"column":20},"end":{"line":107,"column":61}},"53":{"start":{"line":108,"column":17},"end":{"line":108,"column":48}},"54":{"start":{"line":110,"column":4},"end":{"line":114,"column":5}},"55":{"start":{"line":111,"column":5},"end":{"line":111,"column":26}},"56":{"start":{"line":112,"column":5},"end":{"line":112,"column":32}},"57":{"start":{"line":113,"column":5},"end":{"line":113,"column":30}},"58":{"start":{"line":116,"column":4},"end":{"line":116,"column":11}},"59":{"start":{"line":119,"column":4},"end":{"line":119,"column":20}},"60":{"start":{"line":120,"column":4},"end":{"line":120,"column":11}},"61":{"start":{"line":123,"column":3},"end":{"line":123,"column":61}},"62":{"start":{"line":124,"column":3},"end":{"line":124,"column":69}},"63":{"start":{"line":129,"column":2},"end":{"line":142,"column":3}},"64":{"start":{"line":130,"column":16},"end":{"line":130,"column":47}},"65":{"start":{"line":132,"column":3},"end":{"line":136,"column":4}},"66":{"start":{"line":133,"column":4},"end":{"line":135,"column":7}},"67":{"start":{"line":138,"column":3},"end":{"line":138,"column":10}},"68":{"start":{"line":140,"column":3},"end":{"line":140,"column":75}},"69":{"start":{"line":141,"column":3},"end":{"line":141,"column":69}},"70":{"start":{"line":146,"column":0},"end":{"line":146,"column":32}}},"fnMap":{"0":{"name":"(anonymous_0)","decl":{"start":{"line":5,"column":14},"end":{"line":5,"column":15}},"loc":{"start":{"line":5,"column":40},"end":{"line":50,"column":2}},"line":5},"1":{"name":"(anonymous_1)","decl":{"start":{"line":52,"column":14},"end":{"line":52,"column":15}},"loc":{"start":{"line":52,"column":40},"end":{"line":69,"column":2}},"line":52},"2":{"name":"(anonymous_2)","decl":{"start":{"line":71,"column":18},"end":{"line":71,"column":19}},"loc":{"start":{"line":71,"column":44},"end":{"line":88,"column":2}},"line":71},"3":{"name":"(anonymous_3)","decl":{"start":{"line":91,"column":15},"end":{"line":91,"column":16}},"loc":{"start":{"line":91,"column":41},"end":{"line":126,"column":2}},"line":91},"4":{"name":"(anonymous_4)","decl":{"start":{"line":128,"column":29},"end":{"line":128,"column":30}},"loc":{"start":{"line":128,"column":55},"end":{"line":143,"column":2}},"line":128}},"branchMap":{"0":{"loc":{"start":{"line":8,"column":3},"end":{"line":10,"column":4}},"type":"if","locations":[{"start":{"line":8,"column":3},"end":{"line":10,"column":4}},{"start":{},"end":{}}],"line":8},"1":{"loc":{"start":{"line":13,"column":3},"end":{"line":15,"column":4}},"type":"if","locations":[{"start":{"line":13,"column":3},"end":{"line":15,"column":4}},{"start":{},"end":{}}],"line":13},"2":{"loc":{"start":{"line":26,"column":4},"end":{"line":30,"column":5}},"type":"if","locations":[{"start":{"line":26,"column":4},"end":{"line":30,"column":5}},{"start":{},"end":{}}],"line":26},"3":{"loc":{"start":{"line":38,"column":4},"end":{"line":40,"column":5}},"type":"if","locations":[{"start":{"line":38,"column":4},"end":{"line":40,"column":5}},{"start":{},"end":{}}],"line":38},"4":{"loc":{"start":{"line":41,"column":4},"end":{"line":43,"column":5}},"type":"if","locations":[{"start":{"line":41,"column":4},"end":{"line":43,"column":5}},{"start":{},"end":{}}],"line":41},"5":{"loc":{"start":{"line":54,"column":3},"end":{"line":56,"column":4}},"type":"if","locations":[{"start":{"line":54,"column":3},"end":{"line":56,"column":4}},{"start":{},"end":{}}],"line":54},"6":{"loc":{"start":{"line":58,"column":3},"end":{"line":62,"column":4}},"type":"if","locations":[{"start":{"line":58,"column":3},"end":{"line":62,"column":4}},{"start":{},"end":{}}],"line":58},"7":{"loc":{"start":{"line":73,"column":3},"end":{"line":75,"column":4}},"type":"if","locations":[{"start":{"line":73,"column":3},"end":{"line":75,"column":4}},{"start":{},"end":{}}],"line":73},"8":{"loc":{"start":{"line":77,"column":3},"end":{"line":81,"column":4}},"type":"if","locations":[{"start":{"line":77,"column":3},"end":{"line":81,"column":4}},{"start":{},"end":{}}],"line":77},"9":{"loc":{"start":{"line":94,"column":3},"end":{"line":98,"column":4}},"type":"if","locations":[{"start":{"line":94,"column":3},"end":{"line":98,"column":4}},{"start":{},"end":{}}],"line":94},"10":{"loc":{"start":{"line":101,"column":3},"end":{"line":104,"column":4}},"type":"if","locations":[{"start":{"line":101,"column":3},"end":{"line":104,"column":4}},{"start":{},"end":{}}],"line":101},"11":{"loc":{"start":{"line":110,"column":4},"end":{"line":114,"column":5}},"type":"if","locations":[{"start":{"line":110,"column":4},"end":{"line":114,"column":5}},{"start":{},"end":{}}],"line":110},"12":{"loc":{"start":{"line":132,"column":3},"end":{"line":136,"column":4}},"type":"if","locations":[{"start":{"line":132,"column":3},"end":{"line":136,"column":4}},{"start":{},"end":{}}],"line":132},"13":{"loc":{"start":{"line":132,"column":7},"end":{"line":132,"column":34}},"type":"binary-expr","locations":[{"start":{"line":132,"column":7},"end":{"line":132,"column":12}},{"start":{"line":132,"column":16},"end":{"line":132,"column":34}}],"line":132}},"s":{"0":7,"1":7,"2":7,"3":8,"4":8,"5":8,"6":3,"7":5,"8":5,"9":1,"10":4,"11":4,"12":2,"13":2,"14":1,"15":1,"16":1,"17":1,"18":1,"19":2,"20":1,"21":1,"22":1,"23":0,"24":0,"25":0,"26":3,"27":3,"28":1,"29":2,"30":1,"31":1,"32":0,"33":0,"34":3,"35":3,"36":1,"37":2,"38":1,"39":1,"40":0,"41":0,"42":3,"43":3,"44":3,"45":1,"46":1,"47":2,"48":2,"49":0,"50":0,"51":2,"52":2,"53":1,"54":1,"55":1,"56":1,"57":1,"58":1,"59":1,"60":1,"61":0,"62":0,"63":3,"64":3,"65":3,"66":2,"67":1,"68":0,"69":0,"70":7},"f":{"0":8,"1":3,"2":3,"3":3,"4":3},"b":{"0":[3,5],"1":[1,4],"2":[1,1],"3":[1,1],"4":[1,0],"5":[1,2],"6":[1,1],"7":[1,2],"8":[1,1],"9":[1,2],"10":[0,2],"11":[1,0],"12":[2,1],"13":[3,2]},"_coverageSchema":"1a1c01bbd47fc00a2c39e90264f33305004495a9","hash":"96b864681a82da13d16671d20084fc9659c48c5a"}
,"C:\\Users\\JenNg\\OneDrive\\Documents\\University of Houston\\Fall 2024\\COSC 4353 - Software Design\\COSC-4353-Animal-Volunteer-System\\backend\\src\\middleware\\eventMiddleware.js": {"path":"C:\\Users\\JenNg\\OneDrive\\Documents\\University of Houston\\Fall 2024\\COSC 4353 - Software Design\\COSC-4353-Animal-Volunteer-System\\backend\\src\\middleware\\eventMiddleware.js","statementMap":{"0":{"start":{"line":2,"column":16},"end":{"line":2,"column":37}},"1":{"start":{"line":3,"column":2},"end":{"line":3,"column":44}},"2":{"start":{"line":3,"column":31},"end":{"line":3,"column":44}},"3":{"start":{"line":4,"column":15},"end":{"line":4,"column":35}},"4":{"start":{"line":5,"column":2},"end":{"line":5,"column":96}},"5":{"start":{"line":9,"column":16},"end":{"line":9,"column":45}},"6":{"start":{"line":10,"column":2},"end":{"line":10,"column":32}},"7":{"start":{"line":13,"column":27},"end":{"line":85,"column":1}},"8":{"start":{"line":14,"column":128},"end":{"line":14,"column":136}},"9":{"start":{"line":15,"column":17},"end":{"line":15,"column":19}},"10":{"start":{"line":17,"column":2},"end":{"line":21,"column":3}},"11":{"start":{"line":18,"column":4},"end":{"line":18,"column":48}},"12":{"start":{"line":19,"column":9},"end":{"line":21,"column":3}},"13":{"start":{"line":20,"column":4},"end":{"line":20,"column":67}},"14":{"start":{"line":23,"column":2},"end":{"line":25,"column":3}},"15":{"start":{"line":24,"column":4},"end":{"line":24,"column":62}},"16":{"start":{"line":27,"column":0},"end":{"line":31,"column":1}},"17":{"start":{"line":28,"column":2},"end":{"line":28,"column":44}},"18":{"start":{"line":29,"column":7},"end":{"line":31,"column":1}},"19":{"start":{"line":30,"column":2},"end":{"line":30,"column":63}},"20":{"start":{"line":33,"column":0},"end":{"line":37,"column":1}},"21":{"start":{"line":34,"column":2},"end":{"line":34,"column":35}},"22":{"start":{"line":35,"column":7},"end":{"line":37,"column":1}},"23":{"start":{"line":36,"column":2},"end":{"line":36,"column":54}},"24":{"start":{"line":39,"column":20},"end":{"line":45,"column":1}},"25":{"start":{"line":46,"column":0},"end":{"line":48,"column":1}},"26":{"start":{"line":47,"column":2},"end":{"line":47,"column":43}},"27":{"start":{"line":50,"column":0},"end":{"line":54,"column":1}},"28":{"start":{"line":51,"column":2},"end":{"line":51,"column":42}},"29":{"start":{"line":52,"column":7},"end":{"line":54,"column":1}},"30":{"start":{"line":53,"column":2},"end":{"line":53,"column":65}},"31":{"start":{"line":57,"column":2},"end":{"line":59,"column":3}},"32":{"start":{"line":58,"column":4},"end":{"line":58,"column":61}},"33":{"start":{"line":61,"column":29},"end":{"line":61,"column":66}},"34":{"start":{"line":62,"column":2},"end":{"line":64,"column":3}},"35":{"start":{"line":63,"column":4},"end":{"line":63,"column":55}},"36":{"start":{"line":66,"column":2},"end":{"line":68,"column":3}},"37":{"start":{"line":67,"column":4},"end":{"line":67,"column":54}},"38":{"start":{"line":70,"column":2},"end":{"line":72,"column":3}},"39":{"start":{"line":71,"column":4},"end":{"line":71,"column":54}},"40":{"start":{"line":73,"column":2},"end":{"line":75,"column":3}},"41":{"start":{"line":74,"column":4},"end":{"line":74,"column":50}},"42":{"start":{"line":76,"column":2},"end":{"line":78,"column":3}},"43":{"start":{"line":77,"column":4},"end":{"line":77,"column":57}},"44":{"start":{"line":80,"column":2},"end":{"line":82,"column":3}},"45":{"start":{"line":81,"column":4},"end":{"line":81,"column":44}},"46":{"start":{"line":84,"column":2},"end":{"line":84,"column":9}},"47":{"start":{"line":88,"column":0},"end":{"line":88,"column":40}}},"fnMap":{"0":{"name":"isValidDate","decl":{"start":{"line":1,"column":9},"end":{"line":1,"column":20}},"loc":{"start":{"line":1,"column":33},"end":{"line":6,"column":1}},"line":1},"1":{"name":"isValidTime","decl":{"start":{"line":8,"column":9},"end":{"line":8,"column":20}},"loc":{"start":{"line":8,"column":33},"end":{"line":11,"column":1}},"line":8},"2":{"name":"(anonymous_2)","decl":{"start":{"line":13,"column":27},"end":{"line":13,"column":28}},"loc":{"start":{"line":13,"column":47},"end":{"line":85,"column":1}},"line":13}},"branchMap":{"0":{"loc":{"start":{"line":3,"column":2},"end":{"line":3,"column":44}},"type":"if","locations":[{"start":{"line":3,"column":2},"end":{"line":3,"column":44}},{"start":{},"end":{}}],"line":3},"1":{"loc":{"start":{"line":5,"column":9},"end":{"line":5,"column":95}},"type":"binary-expr","locations":[{"start":{"line":5,"column":9},"end":{"line":5,"column":29}},{"start":{"line":5,"column":33},"end":{"line":5,"column":45}},{"start":{"line":5,"column":49},"end":{"line":5,"column":95}}],"line":5},"2":{"loc":{"start":{"line":17,"column":2},"end":{"line":21,"column":3}},"type":"if","locations":[{"start":{"line":17,"column":2},"end":{"line":21,"column":3}},{"start":{"line":19,"column":9},"end":{"line":21,"column":3}}],"line":17},"3":{"loc":{"start":{"line":17,"column":6},"end":{"line":17,"column":82}},"type":"binary-expr","locations":[{"start":{"line":17,"column":6},"end":{"line":17,"column":16}},{"start":{"line":17,"column":20},"end":{"line":17,"column":49}},{"start":{"line":17,"column":53},"end":{"line":17,"column":82}}],"line":17},"4":{"loc":{"start":{"line":19,"column":9},"end":{"line":21,"column":3}},"type":"if","locations":[{"start":{"line":19,"column":9},"end":{"line":21,"column":3}},{"start":{},"end":{}}],"line":19},"5":{"loc":{"start":{"line":23,"column":2},"end":{"line":25,"column":3}},"type":"if","locations":[{"start":{"line":23,"column":2},"end":{"line":25,"column":3}},{"start":{},"end":{}}],"line":23},"6":{"loc":{"start":{"line":23,"column":6},"end":{"line":23,"column":103}},"type":"binary-expr","locations":[{"start":{"line":23,"column":6},"end":{"line":23,"column":23}},{"start":{"line":23,"column":27},"end":{"line":23,"column":63}},{"start":{"line":23,"column":67},"end":{"line":23,"column":103}}],"line":23},"7":{"loc":{"start":{"line":27,"column":0},"end":{"line":31,"column":1}},"type":"if","locations":[{"start":{"line":27,"column":0},"end":{"line":31,"column":1}},{"start":{"line":29,"column":7},"end":{"line":31,"column":1}}],"line":27},"8":{"loc":{"start":{"line":27,"column":4},"end":{"line":27,"column":77}},"type":"binary-expr","locations":[{"start":{"line":27,"column":4},"end":{"line":27,"column":13}},{"start":{"line":27,"column":17},"end":{"line":27,"column":45}},{"start":{"line":27,"column":49},"end":{"line":27,"column":77}}],"line":27},"9":{"loc":{"start":{"line":29,"column":7},"end":{"line":31,"column":1}},"type":"if","locations":[{"start":{"line":29,"column":7},"end":{"line":31,"column":1}},{"start":{},"end":{}}],"line":29},"10":{"loc":{"start":{"line":33,"column":0},"end":{"line":37,"column":1}},"type":"if","locations":[{"start":{"line":33,"column":0},"end":{"line":37,"column":1}},{"start":{"line":35,"column":7},"end":{"line":37,"column":1}}],"line":33},"11":{"loc":{"start":{"line":33,"column":4},"end":{"line":33,"column":65}},"type":"binary-expr","locations":[{"start":{"line":33,"column":4},"end":{"line":33,"column":9}},{"start":{"line":33,"column":13},"end":{"line":33,"column":37}},{"start":{"line":33,"column":41},"end":{"line":33,"column":65}}],"line":33},"12":{"loc":{"start":{"line":35,"column":7},"end":{"line":37,"column":1}},"type":"if","locations":[{"start":{"line":35,"column":7},"end":{"line":37,"column":1}},{"start":{},"end":{}}],"line":35},"13":{"loc":{"start":{"line":46,"column":0},"end":{"line":48,"column":1}},"type":"if","locations":[{"start":{"line":46,"column":0},"end":{"line":48,"column":1}},{"start":{},"end":{}}],"line":46},"14":{"loc":{"start":{"line":46,"column":4},"end":{"line":46,"column":42}},"type":"binary-expr","locations":[{"start":{"line":46,"column":4},"end":{"line":46,"column":10}},{"start":{"line":46,"column":14},"end":{"line":46,"column":42}}],"line":46},"15":{"loc":{"start":{"line":50,"column":0},"end":{"line":54,"column":1}},"type":"if","locations":[{"start":{"line":50,"column":0},"end":{"line":54,"column":1}},{"start":{"line":52,"column":7},"end":{"line":54,"column":1}}],"line":50},"16":{"loc":{"start":{"line":50,"column":4},"end":{"line":50,"column":74}},"type":"binary-expr","locations":[{"start":{"line":50,"column":4},"end":{"line":50,"column":12}},{"start":{"line":50,"column":16},"end":{"line":50,"column":43}},{"start":{"line":50,"column":47},"end":{"line":50,"column":74}}],"line":50},"17":{"loc":{"start":{"line":52,"column":7},"end":{"line":54,"column":1}},"type":"if","locations":[{"start":{"line":52,"column":7},"end":{"line":54,"column":1}},{"start":{},"end":{}}],"line":52},"18":{"loc":{"start":{"line":52,"column":11},"end":{"line":52,"column":51}},"type":"binary-expr","locations":[{"start":{"line":52,"column":11},"end":{"line":52,"column":29}},{"start":{"line":52,"column":33},"end":{"line":52,"column":51}}],"line":52},"19":{"loc":{"start":{"line":57,"column":2},"end":{"line":59,"column":3}},"type":"if","locations":[{"start":{"line":57,"column":2},"end":{"line":59,"column":3}},{"start":{},"end":{}}],"line":57},"20":{"loc":{"start":{"line":57,"column":6},"end":{"line":57,"column":67}},"type":"binary-expr","locations":[{"start":{"line":57,"column":6},"end":{"line":57,"column":36}},{"start":{"line":57,"column":40},"end":{"line":57,"column":67}}],"line":57},"21":{"loc":{"start":{"line":62,"column":2},"end":{"line":64,"column":3}},"type":"if","locations":[{"start":{"line":62,"column":2},"end":{"line":64,"column":3}},{"start":{},"end":{}}],"line":62},"22":{"loc":{"start":{"line":62,"column":6},"end":{"line":62,"column":55}},"type":"binary-expr","locations":[{"start":{"line":62,"column":6},"end":{"line":62,"column":14}},{"start":{"line":62,"column":18},"end":{"line":62,"column":55}}],"line":62},"23":{"loc":{"start":{"line":66,"column":2},"end":{"line":68,"column":3}},"type":"if","locations":[{"start":{"line":66,"column":2},"end":{"line":68,"column":3}},{"start":{},"end":{}}],"line":66},"24":{"loc":{"start":{"line":66,"column":6},"end":{"line":66,"column":43}},"type":"binary-expr","locations":[{"start":{"line":66,"column":6},"end":{"line":66,"column":16}},{"start":{"line":66,"column":20},"end":{"line":66,"column":43}}],"line":66},"25":{"loc":{"start":{"line":70,"column":2},"end":{"line":72,"column":3}},"type":"if","locations":[{"start":{"line":70,"column":2},"end":{"line":72,"column":3}},{"start":{},"end":{}}],"line":70},"26":{"loc":{"start":{"line":70,"column":6},"end":{"line":70,"column":43}},"type":"binary-expr","locations":[{"start":{"line":70,"column":6},"end":{"line":70,"column":16}},{"start":{"line":70,"column":20},"end":{"line":70,"column":43}}],"line":70},"27":{"loc":{"start":{"line":73,"column":2},"end":{"line":75,"column":3}},"type":"if","locations":[{"start":{"line":73,"column":2},"end":{"line":75,"column":3}},{"start":{},"end":{}}],"line":73},"28":{"loc":{"start":{"line":73,"column":6},"end":{"line":73,"column":39}},"type":"binary-expr","locations":[{"start":{"line":73,"column":6},"end":{"line":73,"column":14}},{"start":{"line":73,"column":18},"end":{"line":73,"column":39}}],"line":73},"29":{"loc":{"start":{"line":76,"column":2},"end":{"line":78,"column":3}},"type":"if","locations":[{"start":{"line":76,"column":2},"end":{"line":78,"column":3}},{"start":{},"end":{}}],"line":76},"30":{"loc":{"start":{"line":76,"column":6},"end":{"line":76,"column":50}},"type":"binary-expr","locations":[{"start":{"line":76,"column":6},"end":{"line":76,"column":15}},{"start":{"line":76,"column":19},"end":{"line":76,"column":26}},{"start":{"line":76,"column":30},"end":{"line":76,"column":50}}],"line":76},"31":{"loc":{"start":{"line":80,"column":2},"end":{"line":82,"column":3}},"type":"if","locations":[{"start":{"line":80,"column":2},"end":{"line":82,"column":3}},{"start":{},"end":{}}],"line":80}},"s":{"0":2,"1":2,"2":1,"3":1,"4":1,"5":6,"6":6,"7":1,"8":10,"9":10,"10":10,"11":8,"12":2,"13":1,"14":10,"15":9,"16":10,"17":9,"18":1,"19":0,"20":10,"21":9,"22":1,"23":0,"24":10,"25":10,"26":9,"27":10,"28":8,"29":2,"30":1,"31":10,"32":9,"33":10,"34":10,"35":9,"36":10,"37":9,"38":10,"39":8,"40":10,"41":7,"42":10,"43":2,"44":10,"45":9,"46":1,"47":1},"f":{"0":2,"1":6,"2":10},"b":{"0":[1,1],"1":[1,1,1],"2":[8,2],"3":[10,2,2],"4":[1,1],"5":[9,1],"6":[10,1,1],"7":[9,1],"8":[10,1,1],"9":[0,1],"10":[9,1],"11":[10,1,1],"12":[0,1],"13":[9,1],"14":[10,2],"15":[8,2],"16":[10,2,2],"17":[1,1],"18":[2,1],"19":[9,1],"20":[10,2],"21":[9,1],"22":[10,2],"23":[9,1],"24":[10,2],"25":[8,2],"26":[10,3],"27":[7,3],"28":[10,3],"29":[2,8],"30":[10,3,3],"31":[9,1]},"_coverageSchema":"1a1c01bbd47fc00a2c39e90264f33305004495a9","hash":"4b5538319f365eea38e31a4e6bba4c0d4a85aa93"}
,"C:\\Users\\JenNg\\OneDrive\\Documents\\University of Houston\\Fall 2024\\COSC 4353 - Software Design\\COSC-4353-Animal-Volunteer-System\\backend\\src\\middleware\\notificationMiddleware.js": {"path":"C:\\Users\\JenNg\\OneDrive\\Documents\\University of Houston\\Fall 2024\\COSC 4353 - Software Design\\COSC-4353-Animal-Volunteer-System\\backend\\src\\middleware\\notificationMiddleware.js","statementMap":{"0":{"start":{"line":1,"column":28},"end":{"line":1,"column":70}},"1":{"start":{"line":3,"column":29},"end":{"line":38,"column":1}},"2":{"start":{"line":4,"column":27},"end":{"line":4,"column":35}},"3":{"start":{"line":6,"column":1},"end":{"line":10,"column":2}},"4":{"start":{"line":7,"column":2},"end":{"line":9,"column":5}},"5":{"start":{"line":12,"column":1},"end":{"line":17,"column":2}},"6":{"start":{"line":13,"column":2},"end":{"line":16,"column":5}},"7":{"start":{"line":19,"column":1},"end":{"line":23,"column":2}},"8":{"start":{"line":20,"column":2},"end":{"line":22,"column":5}},"9":{"start":{"line":25,"column":1},"end":{"line":29,"column":2}},"10":{"start":{"line":26,"column":2},"end":{"line":28,"column":5}},"11":{"start":{"line":31,"column":1},"end":{"line":35,"column":2}},"12":{"start":{"line":32,"column":2},"end":{"line":34,"column":5}},"13":{"start":{"line":37,"column":1},"end":{"line":37,"column":8}},"14":{"start":{"line":40,"column":0},"end":{"line":40,"column":42}}},"fnMap":{"0":{"name":"(anonymous_0)","decl":{"start":{"line":3,"column":29},"end":{"line":3,"column":30}},"loc":{"start":{"line":3,"column":49},"end":{"line":38,"column":1}},"line":3}},"branchMap":{"0":{"loc":{"start":{"line":6,"column":1},"end":{"line":10,"column":2}},"type":"if","locations":[{"start":{"line":6,"column":1},"end":{"line":10,"column":2}},{"start":{},"end":{}}],"line":6},"1":{"loc":{"start":{"line":6,"column":5},"end":{"line":6,"column":38}},"type":"binary-expr","locations":[{"start":{"line":6,"column":5},"end":{"line":6,"column":10}},{"start":{"line":6,"column":14},"end":{"line":6,"column":38}}],"line":6},"2":{"loc":{"start":{"line":12,"column":1},"end":{"line":17,"column":2}},"type":"if","locations":[{"start":{"line":12,"column":1},"end":{"line":17,"column":2}},{"start":{},"end":{}}],"line":12},"3":{"loc":{"start":{"line":19,"column":1},"end":{"line":23,"column":2}},"type":"if","locations":[{"start":{"line":19,"column":1},"end":{"line":23,"column":2}},{"start":{},"end":{}}],"line":19},"4":{"loc":{"start":{"line":25,"column":1},"end":{"line":29,"column":2}},"type":"if","locations":[{"start":{"line":25,"column":1},"end":{"line":29,"column":2}},{"start":{},"end":{}}],"line":25},"5":{"loc":{"start":{"line":25,"column":5},"end":{"line":25,"column":75}},"type":"binary-expr","locations":[{"start":{"line":25,"column":5},"end":{"line":25,"column":13}},{"start":{"line":25,"column":17},"end":{"line":25,"column":44}},{"start":{"line":25,"column":48},"end":{"line":25,"column":75}}],"line":25},"6":{"loc":{"start":{"line":31,"column":1},"e
[...]
ton\\Fall 2024\\COSC 4353 - Software Design\\COSC-4353-Animal-Volunteer-System\\backend\\src\\services\\profileService.js": {"path":"C:\\Users\\JenNg\\OneDrive\\Documents\\University of Houston\\Fall 2024\\COSC 4353 - Software Design\\COSC-4353-Animal-Volunteer-System\\backend\\src\\services\\profileService.js","statementMap":{"0":{"start":{"line":1,"column":20},"end":{"line":1,"column":54}},"1":{"start":{"line":2,"column":33},"end":{"line":2,"column":56}},"2":{"start":{"line":4,"column":24},"end":{"line":14,"column":1}},"3":{"start":{"line":5,"column":16},"end":{"line":5,"column":18}},"4":{"start":{"line":6,"column":1},"end":{"line":6,"column":70}},"5":{"start":{"line":6,"column":28},"end":{"line":6,"column":70}},"6":{"start":{"line":7,"column":1},"end":{"line":7,"column":70}},"7":{"start":{"line":7,"column":28},"end":{"line":7,"column":70}},"8":{"start":{"line":8,"column":1},"end":{"line":8,"column":57}},"9":{"start":{"line":8,"column":24},"end":{"line":8,"column":57}},"10":{"start":{"line":9,"column":1},"end":{"line":9,"column":60}},"11":{"start":{"line":9,"column":25},"end":{"line":9,"column":60}},"12":{"start":{"line":10,"column":1},"end":{"line":10,"column":67}},"13":{"start":{"line":10,"column":27},"end":{"line":10,"column":67}},"14":{"start":{"line":11,"column":1},"end":{"line":11,"column":110}},"15":{"start":{"line":11,"column":61},"end":{"line":11,"column":110}},"16":{"start":{"line":12,"column":1},"end":{"line":12,"column":140}},"17":{"start":{"line":12,"column":73},"end":{"line":12,"column":140}},"18":{"start":{"line":13,"column":1},"end":{"line":13,"column":15}},"19":{"start":{"line":16,"column":23},"end":{"line":220,"column":1}},"20":{"start":{"line":18,"column":8},"end":{"line":51,"column":9}},"21":{"start":{"line":19,"column":27},"end":{"line":21,"column":14}},"22":{"start":{"line":23,"column":33},"end":{"line":26,"column":15}},"23":{"start":{"line":23,"column":54},"end":{"line":26,"column":13}},"24":{"start":{"line":28,"column":12},"end":{"line":47,"column":14}},"25":{"start":{"line":49,"column":12},"end":{"line":49,"column":64}},"26":{"start":{"line":50,"column":12},"end":{"line":50,"column":24}},"27":{"start":{"line":55,"column":2},"end":{"line":95,"column":3}},"28":{"start":{"line":56,"column":3},"end":{"line":56,"column":52}},"29":{"start":{"line":58,"column":16},"end":{"line":58,"column":43}},"30":{"start":{"line":59,"column":3},"end":{"line":61,"column":4}},"31":{"start":{"line":60,"column":4},"end":{"line":60,"column":16}},"32":{"start":{"line":63,"column":19},"end":{"line":70,"column":5}},"33":{"start":{"line":72,"column":3},"end":{"line":74,"column":4}},"34":{"start":{"line":73,"column":4},"end":{"line":73,"column":16}},"35":{"start":{"line":76,"column":3},"end":{"line":91,"column":5}},"36":{"start":{"line":93,"column":3},"end":{"line":93,"column":50}},"37":{"start":{"line":94,"column":3},"end":{"line":94,"column":15}},"38":{"start":{"line":99,"column":8},"end":{"line":131,"column":9}},"39":{"start":{"line":100,"column":12},"end":{"line":100,"column":62}},"40":{"start":{"line":102,"column":36},"end":{"line":102,"column":80}},"41":{"start":{"line":103,"column":12},"end":{"line":109,"column":13}},"42":{"start":{"line":104,"column":16},"end":{"line":104,"column":72}},"43":{"start":{"line":105,"column":16},"end":{"line":108,"column":18}},"44":{"start":{"line":111,"column":12},"end":{"line":111,"column":66}},"45":{"start":{"line":113,"column":28},"end":{"line":116,"column":14}},"46":{"start":{"line":118,"column":12},"end":{"line":118,"column":56}},"47":{"start":{"line":119,"column":12},"end":{"line":123,"column":14}},"48":{"start":{"line":125,"column":12},"end":{"line":125,"column":60}},"49":{"start":{"line":126,"column":12},"end":{"line":130,"column":14}},"50":{"start":{"line":135,"column":2},"end":{"line":175,"column":3}},"51":{"start":{"line":136,"column":3},"end":{"line":136,"column":53}},"52":{"start":{"line":137,"column":3},"end":{"line":137,"column":44}},"53":{"start":{"line":139,"column":19},"end":{"line":139,"column":63}},"54":{"start":{"line":140,"column":3},"end":{"line":143,"column":4}},"55":{"start":{"line":141,"column":4},"end":{"line":141,"column":54}},"56":{"start":{"line":142,"column":4},"end":{"line":142,"column":57}},"57":{"start":{"line":145,"column":26},"end":{"line":152,"column":4}},"58":{"start":{"line":150,"column":6},"end":{"line":150,"column":54}},"59":{"start":{"line":154,"column":3},"end":{"line":154,"column":52}},"60":{"start":{"line":156,"column":3},"end":{"line":156,"column":40}},"61":{"start":{"line":158,"column":3},"end":{"line":167,"column":5}},"62":{"start":{"line":164,"column":6},"end":{"line":164,"column":24}},"63":{"start":{"line":169,"column":3},"end":{"line":169,"column":51}},"64":{"start":{"line":170,"column":3},"end":{"line":174,"column":5}},"65":{"start":{"line":179,"column":2},"end":{"line":209,"column":3}},"66":{"start":{"line":180,"column":20},"end":{"line":180,"column":71}},"67":{"start":{"line":181,"column":3},"end":{"line":184,"column":4}},"68":{"start":{"line":182,"column":4},"end":{"line":182,"column":44}},"69":{"start":{"line":183,"column":4},"end":{"line":183,"column":79}},"70":{"start":{"line":186,"column":18},"end":{"line":186,"column":46}},"71":{"start":{"line":187,"column":3},"end":{"line":189,"column":4}},"72":{"start":{"line":188,"column":4},"end":{"line":188,"column":65}},"73":{"start":{"line":191,"column":25},"end":{"line":191,"column":85}},"74":{"start":{"line":192,"column":3},"end":{"line":194,"column":4}},"75":{"start":{"line":193,"column":4},"end":{"line":193,"column":25}},"76":{"start":{"line":196,"column":22},"end":{"line":196,"column":73}},"77":{"start":{"line":197,"column":3},"end":{"line":199,"column":4}},"78":{"start":{"line":198,"column":4},"end":{"line":198,"column":22}},"79":{"start":{"line":201,"column":3},"end":{"line":205,"column":5}},"80":{"start":{"line":207,"column":3},"end":{"line":207,"column":58}},"81":{"start":{"line":208,"column":3},"end":{"line":208,"column":68}},"82":{"start":{"line":213,"column":2},"end":{"line":218,"column":3}},"83":{"start":{"line":214,"column":3},"end":{"line":214,"column":34}},"84":{"start":{"line":216,"column":3},"end":{"line":216,"column":55}},"85":{"start":{"line":217,"column":3},"end":{"line":217,"column":13}},"86":{"start":{"line":222,"column":0},"end":{"line":222,"column":32}}},"fnMap":{"0":{"name":"(anonymous_0)","decl":{"start":{"line":4,"column":24},"end":{"line":4,"column":25}},"loc":{"start":{"line":4,"column":41},"end":{"line":14,"column":1}},"line":4},"1":{"name":"(anonymous_1)","decl":{"start":{"line":17,"column":20},"end":{"line":17,"column":21}},"loc":{"start":{"line":17,"column":32},"end":{"line":52,"column":5}},"line":17},"2":{"name":"(anonymous_2)","decl":{"start":{"line":23,"column":44},"end":{"line":23,"column":45}},"loc":{"start":{"line":23,"column":54},"end":{"line":26,"column":13}},"line":23},"3":{"name":"(anonymous_3)","decl":{"start":{"line":54,"column":13},"end":{"line":54,"column":14}},"loc":{"start":{"line":54,"column":31},"end":{"line":96,"column":2}},"line":54},"4":{"name":"(anonymous_4)","decl":{"start":{"line":98,"column":19},"end":{"line":98,"column":20}},"loc":{"start":{"line":98,"column":50},"end":{"line":132,"column":5}},"line":98},"5":{"name":"(anonymous_5)","decl":{"start":{"line":134,"column":16},"end":{"line":134,"column":17}},"loc":{"start":{"line":134,"column":47},"end":{"line":176,"column":2}},"line":134},"6":{"name":"(anonymous_6)","decl":{"start":{"line":149,"column":34},"end":{"line":149,"column":35}},"loc":{"start":{"line":150,"column":6},"end":{"line":150,"column":54}},"line":150},"7":{"name":"(anonymous_7)","decl":{"start":{"line":163,"column":44},"end":{"line":163,"column":45}},"loc":{"start":{"line":164,"column":6},"end":{"line":164,"column":24}},"line":164},"8":{"name":"(anonymous_8)","decl":{"start":{"line":178,"column":23},"end":{"line":178,"column":24}},"loc":{"start":{"line":178,"column":53},"end":{"line":210,"column":2}},"line":178},"9":{"name":"(anonymous_9)","decl":{"start":{"line":212,"column":17},"end":{"line":212,"column":18}},"loc":{"start":{"line":212,"column":29},"end":{"line":219,"column":2}},"line":212}},"branchMap":{"0":{"loc":{"start":{"line":6,"column":1},"end":{"line":6,"column":70}},"type":"if","locations":[{"start":{"line":6,"column":1},"end":{"line":6,"column":70}},{"start":{},"end":{}}],"line":6},"1":{"loc":{"start":{"line":7,"column":1},"end":{"line":7,"column":70}},"type":"if","locations":[{"start":{"line":7,"column":1},"end":{"line":7,"column":70}},{"start":{},"end":{}}],"line":7},"2":{"loc":{"start":{"line":8,"column":1},"end":{"line":8,"column":57}},"type":"if","locations":[{"start":{"line":8,"column":1},"end":{"line":8,"column":57}},{"start":{},"end":{}}],"line":8},"3":{"loc":{"start":{"line":9,"column":1},"end":{"line":9,"column":60}},"type":"if","locations":[{"start":{"line":9,"column":1},"end":{"line":9,"column":60}},{"start":{},"end":{}}],"line":9},"4":{"loc":{"start":{"line":10,"column":1},"end":{"line":10,"column":67}},"type":"if","locations":[{"start":{"line":10,"column":1},"end":{"line":10,"column":67}},{"start":{},"end":{}}],"line":10},"5":{"loc":{"start":{"line":11,"column":1},"end":{"line":11,"column":110}},"type":"if","locations":[{"start":{"line":11,"column":1},"end":{"line":11,"column":110}},{"start":{},"end":{}}],"line":11},"6":{"loc":{"start":{"line":11,"column":5},"end":{"line":11,"column":59}},"type":"binary-expr","locations":[{"start":{"line":11,"column":5},"end":{"line":11,"column":24}},{"start":{"line":11,"column":28},"end":{"line":11,"column":59}}],"line":11},"7":{"loc":{"start":{"line":12,"column":1},"end":{"line":12,"column":140}},"type":"if","locations":[{"start":{"line":12,"column":1},"end":{"line":12,"column":140}},{"start":{},"end":{}}],"line":12},"8":{"loc":{"start":{"line":12,"column":5},"end":{"line":12,"column":71}},"type":"binary-expr","locations":[{"start":{"line":12,"column":5},"end":{"line":12,"column":30}},{"start":{"line":12,"column":34},"end":{"line":12,"column":71}}],"line":12},"9":{"loc":{"start":{"line":59,"column":3},"end":{"line":61,"column":4}},"type":"if","locations":[{"start":{"line":59,"column":3},"end":{"line":61,"column":4}},{"start":{},"end":{}}],"line":59},"10":{"loc":{"start":{"line":72,"column":3},"end":{"line":74,"column":4}},"type":"if","locations":[{"start":{"line":72,"column":3},"end":{"line":74,"column":4}},{"start":{},"end":{}}],"line":72},"11":{"loc":{"start":{"line":81,"column":8},"end":{"line":90,"column":5}},"type":"binary-expr","locations":[{"start":{"line":81,"column":8},"end":{"line":81,"column":37}},{"start":{"line":81,"column":41},"end":{"line":90,"column":5}}],"line":81},"12":{"loc":{"start":{"line":103,"column":12},"end":{"line":109,"column":13}},"type":"if","locations":[{"start":{"line":103,"column":12},"end":{"line":109,"column":13}},{"start":{},"end":{}}],"line":103},"13":{"loc":{"start":{"line":140,"column":3},"end":{"line":143,"column":4}},"type":"if","locations":[{"start":{"line":140,"column":3},"end":{"line":143,"column":4}},{"start":{},"end":{}}],"line":140},"14":{"loc":{"start":{"line":146,"column":12},"end":{"line":146,"column":48}},"type":"binary-expr","locations":[{"start":{"line":146,"column":12},"end":{"line":146,"column":30}},{"start":{"line":146,"column":34},"end":{"line":146,"column":48}}],"line":146},"15":{"loc":{"start":{"line":148,"column":18},"end":{"line":151,"column":29}},"type":"cond-expr","locations":[{"start":{"line":149,"column":5},"end":{"line":151,"column":6}},{"start":{"line":151,"column":9},"end":{"line":151,"column":29}}],"line":148},"16":{"loc":{"start":{"line":150,"column":6},"end":{"line":150,"column":54}},"type":"cond-expr","locations":[{"start":{"line":150,"column":33},"end":{"line":150,"column":47}},{"start":{"line":150,"column":50},"end":{"line":150,"column":54}}],"line":150},"17":{"loc":{"start":{"line":181,"column":3},"end":{"line":184,"column":4}},"type":"if","locations":[{"start":{"line":181,"column":3},"end":{"line":184,"column":4}},{"start":{},"end":{}}],"line":181},"18":{"loc":{"start":{"line":187,"column":3},"end":{"line":189,"column":4}},"type":"if","locations":[{"start":{"line":187,"column":3},"end":{"line":189,"column":4}},{"start":{},"end":{}}],"line":187},"19":{"loc":{"start":{"line":192,"column":3},"end":{"line":194,"column":4}},"type":"if","locations":[{"start":{"line":192,"column":3},"end":{"line":194,"column":4}},{"start":{},"end":{}}],"line":192},"20":{"loc":{"start":{"line":197,"column":3},"end":{"line":199,"column":4}},"type":"if","locations":[{"start":{"line":197,"column":3},"end":{"line":199,"column":4}},{"start":{},"end":{}}],"line":197}},"s":{"0":7,"1":7,"2":7,"3":2,"4":2,"5":1,"6":2,"7":1,"8":2,"9":1,"10":2,"11":1,"12":2,"13":1,"14":2,"15":1,"16":2,"17":1,"18":2,"19":7,"20":2,"21":2,"22":1,"23":2,"24":1,"25":1,"26":1,"27":5,"28":5,"29":5,"30":4,"31":1,"32":3,"33":3,"34":1,"35":2,"36":1,"37":1,"38":4,"39":4,"40":4,"41":3,"42":1,"43":1,"44":2,"45":2,"46":2,"47":2,"48":1,"49":1,"50":3,"51":3,"52":3,"53":3,"54":2,"55":1,"56":1,"57":1,"58":1,"59":1,"60":1,"61":1,"62":1,"63":1,"64":1,"65":4,"66":4,"67":3,"68":1,"69":1,"70":2,"71":2,"72":1,"73":1,"74":1,"75":0,"76":1,"77":1,"78":0,"79":1,"80":1,"81":1,"82":2,"83":2,"84":1,"85":1,"86":7},"f":{"0":2,"1":2,"2":2,"3":5,"4":4,"5":3,"6":1,"7":1,"8":4,"9":2},"b":{"0":[1,1],"1":[1,1],"2":[1,1],"3":[1,1],"4":[1,1],"5":[1,1],"6":[2,1],"7":[1,1],"8":[2,1],"9":[1,3],"10":[1,2],"11":[2,1],"12":[1,2],"13":[1,1],"14":[1,0],"15":[1,0],"16":[1,0],"17":[1,2],"18":[1,1],"19":[0,1],"20":[0,1]},"_coverageSchema":"1a1c01bbd47fc00a2c39e90264f33305004495a9","hash":"444c33fdedcedcd99921dfce2ae274c5fd3000d3"}
,"C:\\Users\\JenNg\\OneDrive\\Documents\\University of Houston\\Fall 2024\\COSC 4353 - Software Design\\COSC-4353-Animal-Volunteer-System\\backend\\src\\utils\\validators.js": {"path":"C:\\Users\\JenNg\\OneDrive\\Documents\\University of Houston\\Fall 2024\\COSC 4353 - Software Design\\COSC-4353-Animal-Volunteer-System\\backend\\src\\utils\\validators.js","statementMap":{"0":{"start":{"line":1,"column":35},"end":{"line":1,"column":63}},"1":{"start":{"line":3,"column":0},"end":{"line":32,"column":2}},"2":{"start":{"line":23,"column":17},"end":{"line":23,"column":38}},"3":{"start":{"line":24,"column":2},"end":{"line":29,"column":3}},"4":{"start":{"line":25,"column":3},"end":{"line":28,"column":6}},"5":{"start":{"line":30,"column":2},"end":{"line":30,"column":9}},"6":{"start":{"line":34,"column":0},"end":{"line":55,"column":2}},"7":{"start":{"line":46,"column":17},"end":{"line":46,"column":38}},"8":{"start":{"line":47,"column":2},"end":{"line":52,"column":3}},"9":{"start":{"line":48,"column":3},"end":{"line":51,"column":6}},"10":{"start":{"line":53,"column":2},"end":{"line":53,"column":9}},"11":{"start":{"line":57,"column":0},"end":{"line":88,"column":2}},"12":{"start":{"line":58,"column":50},"end":{"line":58,"column":58}},"13":{"start":{"line":59,"column":19},"end":{"line":59,"column":21}},"14":{"start":{"line":61,"column":4},"end":{"line":63,"column":5}},"15":{"start":{"line":62,"column":8},"end":{"line":62,"column":58}},"16":{"start":{"line":65,"column":4},"end":{"line":67,"column":5}},"17":{"start":{"line":66,"column":8},"end":{"line":66,"column":52}},"18":{"start":{"line":69,"column":4},"end":{"line":78,"column":5}},"19":{"start":{"line":70,"column":8},"end":{"line":77,"column":9}},"20":{"start":{"line":71,"column":12},"end":{"line":71,"column":66}},"21":{"start":{"line":73,"column":33},"end":{"line":73,"column":93}},"22":{"start":{"line":73,"column":61},"end":{"line":73,"column":92}},"23":{"start":{"line":74,"column":12},"end":{"line":76,"column":13}},"24":{"start":{"line":75,"column":16},"end":{"line":75,"column":74}},"25":{"start":{"line":80,"column":4},"end":{"line":85,"column":5}},"26":{"start":{"line":81,"column":8},"end":{"line":84,"column":11}},"27":{"start":{"line":87,"column":4},"end":{"line":87,"column":11}},"28":{"start":{"line":90,"column":0},"end":{"line":106,"column":2}},"29":{"start":{"line":97,"column":17},"end":{"line":97,"column":38}},"30":{"start":{"line":98,"column":2},"end":{"line":103,"column":3}},"31":{"start":{"line":99,"column":3},"end":{"line":102,"column":6}},"32":{"start":{"line":104,"column":2},"end":{"line":104,"column":9}}},"fnMap":{"0":{"name":"(anonymous_0)","decl":{"start":{"line":22,"column":1},"end":{"line":22,"column":2}},"loc":{"start":{"line":22,"column":21},"end":{"line":31,"column":2}},"line":22},"1":{"name":"(anonymous_1)","decl":{"start":{"line":45,"column":1},"end":{"line":45,"column":2}},"loc":{"start":{"line":45,"column":21},"end":{"line":54,"column":2}},"line":45},"2":{"name":"(anonymous_2)","decl":{"start":{"line":57,"column":32},"end":{"line":57,"column":33}},"loc":{"start":{"line":57,"column":52},"end":{"line":88,"column":1}},"line":57},"3":{"name":"(anonymous_3)","decl":{"start":{"line":73,"column":53},"end":{"line":73,"column":54}},"loc":{"start":{"line":73,"column":61},"end":{"line":73,"column":92}},"line":73},"4":{"name":"(anonymous_4)","decl":{"start":{"line":96,"column":1},"end":{"line":96,"column":2}},"loc":{"start":{"line":96,"column":21},"end":{"line":105,"column":2}},"line":96}},"branchMap":{"0":{"loc":{"start":{"line":24,"column":2},"end":{"line":29,"column":3}},"type":"if","locations":[{"start":{"line":24,"column":2},"end":{"line":29,"column":3}},{"start":{},"end":{}}],"line":24},"1":{"loc":{"start":{"line":47,"column":2},"end":{"line":52,"column":3}},"type":"if","locations":[{"start":{"line":47,"column":2},"end":{"line":52,"column":3}},{"start":{},"end":{}}],"line":47},"2":{"loc":{"start":{"line":61,"column":4},"end":{"line":63,"column":5}},"type":"if","locations":[{"start":{"line":61,"column":4},"end":{"line":63,"column":5}},{"start":{},"end":{}}],"line":61},"3":{"loc":{"start":{"line":61,"column":8},"end":{"line":61,"column":79}},"type":"binary-expr","locations":[{"start":{"line":61,"column":8},"end":{"line":61,"column":28}},{"start":{"line":61,"column":33},"end":{"line":61,"column":55}},{"start":{"line":61,"column":59},"end":{"line":61,"column":78}}],"line":61},"4":{"loc":{"start":{"line":65,"column":4},"end":{"line":67,"column":5}},"type":"if","locations":[{"start":{"line":65,"column":4},"end":{"line":67,"column":5}},{"start":{},"end":{}}],"line":65},"5":{"loc":{"start":{"line":65,"column":8},"end":{"line":65,"column":68}},"type":"binary-expr","locations":[{"start":{"line":65,"column":8},"end":{"line":65,"column":33}},{"start":{"line":65,"column":37},"end":{"line":65,"column":68}}],"line":65},"6":{"loc":{"start":{"line":69,"column":4},"end":{"line":78,"column":5}},"type":"if","locations":[{"start":{"line":69,"column":4},"end":{"line":78,"column":5}},{"start":{},"end":{}}],"line":69},"7":{"loc":{"start":{"line":70,"column":8},"end":{"line":77,"column":9}},"type":"if","locations":[{"start":{"line":70,"column":8},"end":{"line":77,"column":9}},{"start":{"line":72,"column":15},"end":{"line":77,"column":9}}],"line":70},"8":{"loc":{"start":{"line":74,"column":12},"end":{"line":76,"column":13}},"type":"if","locations":[{"start":{"line":74,"column":12},"end":{"line":76,"column":13}},{"start":{},"end":{}}],"line":74},"9":{"loc":{"start":{"line":80,"column":4},"end":{"line":85,"column":5}},"type":"if","locations":[{"start":{"line":80,"column":4},"end":{"line":85,"column":5}},{"start":{},"end":{}}],"line":80},"10":{"loc":{"start":{"line":98,"column":2},"end":{"line":103,"column":3}},"type":"if","locations":[{"start":{"line":98,"column":2},"end":{"line":103,"column":3}},{"start":{},"end":{}}],"line":98}},"s":{"0":2,"1":2,"2":14,"3":14,"4":9,"5":5,"6":2,"7":8,"8":8,"9":4,"10":4,"11":2,"12":5,"13":5,"14":5,"15":1,"16":5,"17":1,"18":5,"19":5,"20":1,"21":4,"22":7,"23":4,"24":1,"25":5,"26":4,"27":1,"28":2,"29":3,"30":3,"31":2,"32":1},"f":{"0":14,"1":8,"2":5,"3":7,"4":3},"b":{"0":[9,5],"1":[4,4],"2":[1,4],"3":[5,5,4],"4":[1,4],"5":[5,5],"6":[5,0],"7":[1,4],"8":[1,3],"9":[4,1],"10":[2,1]},"_coverageSchema":"1a1c01bbd47fc00a2c39e90264f33305004495a9","hash":"657a9d5c59194bd5ce3410980f9735b5d5908eca"}
}
