TN:
SF:migrations\20241030-create-events.js
FN:2,(anonymous_0)
FN:76,(anonymous_1)
FNF:2
FNH:2
FNDA:4,(anonymous_0)
FNDA:2,(anonymous_1)
DA:1,1
DA:3,4
DA:77,2
LF:3
LH:3
BRF:0
BRH:0
end_of_record
TN:
SF:migrations\20241031-create-volunteer-history.js
FN:2,(anonymous_0)
FN:37,(anonymous_1)
FNF:2
FNH:2
FNDA:3,(anonymous_0)
FNDA:1,(anonymous_1)
DA:1,1
DA:3,3
DA:9,3
DA:12,3
DA:16,3
DA:17,3
DA:18,6
DA:19,12
DA:30,3
DA:31,3
DA:38,1
LF:11
LH:11
BRDA:30,0,0,3
BRDA:30,0,1,0
BRF:2
BRH:1
end_of_record
TN:
SF:models\event.js
FN:1,(anonymous_0)
FN:83,(anonymous_1)
FNF:2
FNH:2
FNDA:21,(anonymous_0)
FNDA:21,(anonymous_1)
DA:1,21
DA:2,21
DA:83,21
DA:84,21
DA:88,21
DA:93,21
LF:6
LH:6
BRF:0
BRH:0
end_of_record
TN:
SF:models\history.js
FN:1,(anonymous_0)
FN:42,(anonymous_1)
FNF:2
FNH:2
FNDA:20,(anonymous_0)
FNDA:20,(anonymous_1)
DA:1,20
DA:2,20
DA:42,20
DA:43,20
DA:47,20
DA:53,20
LF:6
LH:6
BRF:0
BRH:0
end_of_record
TN:
SF:models\index.js
FN:21,(anonymous_0)
FN:29,(anonymous_1)
FN:34,(anonymous_2)
FNF:3
FNH:3
FNDA:140,(anonymous_0)
FNDA:120,(anonymous_1)
FNDA:120,(anonymous_2)
DA:3,20
DA:4,20
DA:5,20
DA:6,20
DA:7,20
DA:8,20
DA:9,20
DA:10,20
DA:13,20
DA:14,0
DA:16,20
DA:19,20
DA:22,140
DA:30,120
DA:31,120
DA:34,20
DA:35,120
DA:36,80
DA:40,20
DA:41,20
DA:43,20
LF:21
LH:20
BRDA:8,0,0,20
BRDA:8,0,1,0
BRDA:13,1,0,0
BRDA:13,1,1,20
BRDA:23,2,0,140
BRDA:23,2,1,140
BRDA:23,2,2,120
BRDA:23,2,3,120
BRDA:35,3,0,80
BRDA:35,3,1,40
BRF:10
BRH:8
end_of_record
TN:
SF:models\notifications.js
FN:1,(anonymous_0)
FNF:1
FNH:1
FNDA:20,(anonymous_0)
DA:1,20
DA:2,20
DA:32,20
LF:3
LH:3
BRF:0
BRH:0
end_of_record
TN:
SF:models\profile.js
FN:1,(anonymous_0)
FN:58,(anonymous_1)
FNF:2
FNH:2
FNDA:20,(anonymous_0)
FNDA:20,(anonymous_1)
DA:1,20
DA:2,20
DA:58,20
DA:59,20
DA:63,20
DA:70,20
LF:6
LH:6
BRF:0
BRH:0
end_of_record
TN:
SF:models\state.js
FN:1,(anonymous_0)
FNF:1
FNH:1
FNDA:20,(anonymous_0)
DA:1,20
DA:2,20
DA:17,20
LF:3
LH:3
BRF:0
BRH:0
end_of_record
TN:
SF:models\user.js
FN:5,(anonymous_0)
FN:7,(anonymous_1)
FN:11,(anonymous_2)
FN:49,(anonymous_3)
FN:54,(anonymous_4)
FNF:5
FNH:2
FNDA:20,(anonymous_0)
FNDA:20,(anonymous_1)
FNDA:0,(anonymous_2)
FNDA:0,(anonymous_3)
FNDA:0,(anonymous_4)
DA:2,20
DA:3,20
DA:5,20
DA:12,0
DA:16,20
DA:50,0
DA:51,0
DA:55,0
DA:56,0
DA:62,20
LF:10
LH:5
BRDA:50,0,0,0
BRDA:50,0,1,0
BRDA:55,1,0,0
BRDA:55,1,1,0
BRF:4
BRH:0
end_of_record
TN:
SF:src\app.js
FN:21,(anonymous_0)
FN:34,(anonymous_1)
FN:41,(anonymous_2)
FNF:3
FNH:1
FNDA:1,(anonymous_0)
FNDA:0,(anonymous_1)
FNDA:0,(anonymous_2)
DA:1,1
DA:2,1
DA:3,1
DA:4,1
DA:5,1
DA:6,1
DA:7,1
DA:8,1
DA:9,1
DA:10,1
DA:11,1
DA:12,1
DA:14,1
DA:17,1
DA:18,1
DA:21,1
DA:22,1
DA:26,1
DA:27,1
DA:28,1
DA:29,1
DA:30,1
DA:31,1
DA:34,1
DA:35,0
DA:36,0
DA:39,1
DA:40,0
DA:41,0
DA:42,0
DA:45,0
DA:48,0
DA:55,1
LF:33
LH:26
BRDA:39,0,0,0
BRDA:39,0,1,1
BRDA:40,1,0,0
BRDA:40,1,1,0
BRF:4
BRH:1
end_of_record
TN:
SF:src\controllers\authController.js
FN:3,(anonymous_0)
FN:30,(anonymous_1)
FN:51,(anonymous_2)
FN:63,(anonymous_3)
FNF:4
FNH:4
FNDA:6,(anonymous_0)
FNDA:6,(anonymous_1)
FNDA:2,(anonymous_2)
FNDA:2,(anonymous_3)
DA:1,3
DA:3,3
DA:4,6
DA:5,6
DA:7,6
DA:8,1
DA:11,5
DA:13,4
DA:14,3
DA:20,1
DA:25,1
DA:26,1
DA:30,3
DA:31,6
DA:32,6
DA:34,6
DA:35,5
DA:36,3
DA:41,2
DA:46,1
DA:47,1
DA:51,3
DA:52,2
DA:53,2
DA:54,1
DA:56,1
DA:57,1
DA:63,3
DA:64,2
DA:65,2
DA:66,1
DA:68,1
DA:69,1
LF:33
LH:33
BRDA:7,0,0,1
BRDA:7,0,1,5
BRDA:7,1,0,6
BRDA:7,1,1,5
BRDA:13,2,0,3
BRDA:13,2,1,1
BRDA:35,3,0,3
BRDA:35,3,1,2
BRF:8
BRH:8
end_of_record
TN:
SF:src\controllers\eventController.js
FN:3,(anonymous_0)
FN:34,(anonymous_1)
FN:44,(anonymous_2)
FN:59,(anonymous_3)
FNF:4
FNH:4
FNDA:3,(anonymous_0)
FNDA:2,(anonymous_1)
FNDA:2,(anonymous_2)
FNDA:2,(anonymous_3)
DA:1,3
DA:3,3
DA:4,3
DA:5,3
DA:6,3
DA:11,3
DA:13,3
DA:14,1
DA:22,2
DA:23,1
DA:25,1
DA:26,1
DA:27,1
DA:29,0
DA:34,3
DA:35,2
DA:36,2
DA:37,1
DA:39,1
DA:40,1
DA:44,3
DA:45,2
DA:46,2
DA:47,2
DA:48,1
DA:50,1
DA:51,1
DA:52,1
DA:54,0
DA:59,3
DA:60,2
DA:61,2
DA:62,1
DA:64,1
DA:65,1
LF:35
LH:33
BRDA:13,0,0,1
BRDA:13,0,1,2
BRDA:26,1,0,1
BRDA:26,1,1,0
BRDA:27,2,0,1
BRDA:27,2,1,0
BRDA:51,3,0,1
BRDA:51,3,1,0
BRF:8
BRH:5
end_of_record
TN:
SF:src\controllers\historyController.js
FN:3,(anonymous_0)
FN:9,(anonymous_1)
FN:16,(anonymous_2)
FN:39,(anonymous_3)
FN:82,(anonymous_4)
FNF:5
FNH:5
FNDA:1,(anonymous_0)
FNDA:3,(anonymous_1)
FNDA:1,(anonymous_2)
FNDA:6,(anonymous_3)
FNDA:4,(anonymous_4)
DA:1,3
DA:3,3
DA:4,1
DA:5,1
DA:6,1
DA:9,3
DA:10,3
DA:11,3
DA:12,3
DA:14,3
DA:16,1
DA:29,1
DA:31,2
DA:32,2
DA:39,3
DA:40,6
DA:41,6
DA:43,6
DA:44,6
DA:45,1
DA:51,5
DA:52,1
DA:58,4
DA:60,3
DA:61,1
DA:67,2
DA:74,1
DA:75,1
DA:82,3
DA:83,4
DA:84,4
DA:85,4
DA:86,2
DA:89,2
DA:90,1
DA:92,1
LF:36
LH:36
BRDA:44,0,0,1
BRDA:44,0,1,5
BRDA:51,1,0,1
BRDA:51,1,1,4
BRDA:51,2,0,5
BRDA:51,2,1,2
BRDA:60,3,0,1
BRDA:60,3,1,2
BRDA:63,4,0,1
BRDA:63,4,1,0
BRDA:85,5,0,2
BRDA:85,5,1,2
BRDA:85,6,0,4
BRDA:85,6,1,3
BRF:14
BRH:13
end_of_record
TN:
SF:src\controllers\matchingController.js
FN:4,(anonymous_0)
FN:17,(anonymous_1)
FN:29,(anonymous_2)
FNF:3
FNH:3
FNDA:3,(anonymous_0)
FNDA:2,(anonymous_1)
FNDA:5,(anonymous_2)
DA:1,3
DA:2,3
DA:4,3
DA:5,3
DA:6,3
DA:7,3
DA:8,1
DA:10,2
DA:11,2
DA:17,3
DA:18,2
DA:19,2
DA:20,1
DA:22,1
DA:23,1
DA:29,3
DA:30,5
DA:31,5
DA:33,5
DA:34,2
DA:37,3
DA:39,2
DA:45,1
DA:47,2
DA:48,2
DA:49,2
DA:53,2
LF:27
LH:27
BRDA:11,0,0,2
BRDA:11,0,1,1
BRDA:12,1,0,2
BRDA:12,1,1,0
BRDA:33,2,0,2
BRDA:33,2,1,3
BRDA:33,3,0,5
BRDA:33,3,1,4
BRDA:48,4,0,2
BRDA:48,4,1,1
BRDA:49,5,0,1
BRDA:49,5,1,1
BRF:12
BRH:11
end_of_record
TN:
SF:src\controllers\notificationController.js
FN:3,(anonymous_0)
FN:26,(anonymous_1)
FN:48,(anonymous_2)
FN:76,(anonymous_3)
FN:116,(anonymous_4)
FN:144,(anonymous_5)
FN:164,(anonymous_6)
FNF:7
FNH:7
FNDA:5,(anonymous_0)
FNDA:2,(anonymous_1)
FNDA:4,(anonymous_2)
FNDA:3,(anonymous_3)
FNDA:3,(anonymous_4)
FNDA:1,(anonymous_5)
FNDA:2,(anonymous_6)
DA:1,3
DA:3,3
DA:4,5
DA:5,5
DA:6,5
DA:7,5
DA:9,5
DA:16,5
DA:17,5
DA:18,1
DA:19,1
DA:21,4
DA:22,3
DA:25,4
DA:26,2
DA:29,4
DA:31,4
DA:36,1
DA:37,1
DA:40,1
DA:41,1
DA:48,3
DA:49,4
DA:50,4
DA:51,4
DA:53,4
DA:54,1
DA:57,3
DA:59,3
DA:60,1
DA:63,2
DA:66,1
DA:69,1
DA:71,0
DA:72,0
DA:76,3
DA:77,3
DA:78,3
DA:80,3
DA:81,1
DA:86,2
DA:87,1
DA:97,1
DA:98,1
DA:99,0
DA:100,0
DA:103,1
DA:108,0
DA:109,0
DA:116,3
DA:117,3
DA:118,3
DA:119,3
DA:121,3
DA:122,1
DA:125,2
DA:127,2
DA:128,1
DA:131,1
DA:136,0
DA:137,0
DA:144,3
DA:145,1
DA:146,1
DA:154,1
DA:156,0
DA:157,0
DA:164,3
DA:165,2
DA:166,2
DA:167,2
DA:169,2
DA:170,1
DA:173,1
DA:178,0
DA:179,0
DA:186,3
LF:77
LH:65
BRDA:17,0,0,1
BRDA:17,0,1,4
BRDA:25,1,0,1
BRDA:25,1,1,3
BRDA:25,2,0,4
BRDA:25,2,1,1
BRDA:53,3,0,1
BRDA:53,3,1,3
BRDA:59,4,0,1
BRDA:59,4,1,2
BRDA:63,5,0,1
BRDA:63,5,1,1
BRDA:63,6,0,2
BRDA:63,6,1,2
BRDA:63,6,2,1
BRDA:80,7,0,1
BRDA:80,7,1,2
BRDA:86,8,0,1
BRDA:86,8,1,1
BRDA:97,9,0,1
BRDA:97,9,1,0
BRDA:99,10,0,0
BRDA:99,10,1,0
BRDA:121,11,0,1
BRDA:121,11,1,2
BRDA:127,12,0,1
BRDA:127,12,1,1
BRDA:169,13,0,1
BRDA:169,13,1,1
BRF:29
BRH:26
end_of_record
TN:
SF:src\controllers\profileController.js
FN:3,(anonymous_0)
FN:17,(anonymous_1)
FN:29,(anonymous_2)
FN:58,(anonymous_3)
FNF:4
FNH:4
FNDA:2,(anonymous_0)
FNDA:3,(anonymous_1)
FNDA:3,(anonymous_2)
FNDA:3,(anonymous_3)
DA:1,3
DA:3,3
DA:4,2
DA:5,2
DA:6,1
DA:7,1
DA:9,1
DA:10,1
DA:17,3
DA:18,3
DA:19,3
DA:20,3
DA:21,3
DA:22,2
DA:24,1
DA:25,1
DA:29,3
DA:30,3
DA:31,3
DA:32,3
DA:34,3
DA:40,3
DA:42,2
DA:43,1
DA:44,1
DA:46,1
DA:47,1
DA:50,1
DA:51,1
DA:58,3
DA:59,3
DA:60,3
DA:61,3
DA:63,2
DA:64,1
DA:65,1
DA:70,1
DA:71,1
DA:73,1
DA:74,1
LF:40
LH:40
BRDA:42,0,0,1
BRDA:42,0,1,1
BRDA:63,1,0,1
BRDA:63,1,1,1
BRF:4
BRH:4
end_of_record
TN:
SF:src\middleware\authMiddleware.js
FN:5,(anonymous_0)
FN:52,(anonymous_1)
FN:71,(anonymous_2)
FN:91,(anonymous_3)
FN:128,(anonymous_4)
FNF:5
FNH:5
FNDA:8,(anonymous_0)
FNDA:3,(anonymous_1)
FNDA:3,(anonymous_2)
FNDA:3,(anonymous_3)
FNDA:3,(anonymous_4)
DA:1,7
DA:2,7
DA:4,7
DA:6,8
DA:7,8
DA:8,8
DA:9,3
DA:12,5
DA:13,5
DA:14,1
DA:17,4
DA:18,4
DA:19,2
DA:26,2
DA:27,1
DA:32,1
DA:33,1
DA:34,1
DA:36,1
DA:38,2
DA:39,1
DA:41,1
DA:42,1
DA:44,0
DA:47,0
DA:48,0
DA:53,3
DA:54,3
DA:55,1
DA:58,2
DA:59,1
DA:64,1
DA:66,0
DA:67,0
DA:72,3
DA:73,3
DA:74,1
DA:77,2
DA:78,1
DA:83,1
DA:85,0
DA:86,0
DA:92,3
DA:93,3
DA:94,3
DA:96,1
DA:97,1
DA:100,2
DA:101,2
DA:102,0
DA:103,0
DA:106,2
DA:107,2
DA:108,1
DA:110,1
DA:111,1
DA:112,1
DA:113,1
DA:116,1
DA:119,1
DA:120,1
DA:123,0
DA:124,0
DA:129,3
DA:130,3
DA:132,3
DA:133,2
DA:138,1
DA:140,0
DA:141,0
DA:146,7
LF:71
LH:58
BRDA:8,0,0,3
BRDA:8,0,1,5
BRDA:13,1,0,1
BRDA:13,1,1,4
BRDA:26,2,0,1
BRDA:26,2,1,1
BRDA:38,3,0,1
BRDA:38,3,1,1
BRDA:41,4,0,1
BRDA:41,4,1,0
BRDA:54,5,0,1
BRDA:54,5,1,2
BRDA:58,6,0,1
BRDA:58,6,1,1
BRDA:73,7,0,1
BRDA:73,7,1,2
BRDA:77,8,0,1
BRDA:77,8,1,1
BRDA:94,9,0,1
BRDA:94,9,1,2
BRDA:101,10,0,0
BRDA:101,10,1,2
BRDA:110,11,0,1
BRDA:110,11,1,0
BRDA:132,12,0,2
BRDA:132,12,1,1
BRDA:132,13,0,3
BRDA:132,13,1,2
BRF:28
BRH:25
end_of_record
TN:
SF:src\middleware\eventMiddleware.js
FN:1,isValidDate
FN:8,isValidTime
FN:13,(anonymous_2)
FNF:3
FNH:3
FNDA:2,isValidDate
FNDA:6,isValidTime
FNDA:10,(anonymous_2)
DA:2,2
DA:3,2
DA:4,1
DA:5,1
DA:9,6
DA:10,6
DA:13,1
DA:14,10
DA:15,10
DA:17,10
DA:18,8
DA:19,2
DA:20,1
DA:23,10
DA:24,9
DA:27,10
DA:28,9
DA:29,1
DA:30,0
DA:33,10
DA:34,9
DA:35,1
DA:36,0
DA:39,10
DA:46,10
DA:47,9
DA:50,10
DA:51,8
DA:52,2
DA:53,1
DA:57,10
DA:58,9
DA:61,10
DA:62,10
DA:63,9
DA:66,10
DA:67,9
DA:70,10
DA:71,8
DA:73,10
DA:74,7
DA:76,10
DA:77,2
DA:80,10
DA:81,9
DA:84,1
DA:88,1
LF:47
LH:45
BRDA:3,0,0,1
BRDA:3,0,1,1
BRDA:5,1,0,1
BRDA:5,1,1,1
BRDA:5,1,2,1
BRDA:17,2,0,8
BRDA:17,2,1,2
BRDA:17,3,0,10
BRDA:17,3,1,2
BRDA:17,3,2,2
BRDA:19,4,0,1
BRDA:19,4,1,1
BRDA:23,5,0,9
BRDA:23,5,1,1
BRDA:23,6,0,10
BRDA:23,6,1,1
BRDA:23,6,2,1
BRDA:27,7,0,9
BRDA:27,7,1,1
BRDA:27,8,0,10
BRDA:27,8,1,1
BRDA:27,8,2,1
BRDA:29,9,0,0
BRDA:29,9,1,1
BRDA:33,10,0,9
BRDA:33,10,1,1
BRDA:33,11,0,10
BRDA:33,11,1,1
BRDA:33,11,2,1
BRDA:35,12,0,0
BRDA:35,12,1,1
BRDA:46,13,0,9
BRDA:46,13,1,1
BRDA:46,14,0,10
BRDA:46,14,1,2
BRDA:50,15,0,8
BRDA:50,15,1,2
BRDA:50,16,0,10
BRDA:50,16,1,2
BRDA:50,16,2,2
BRDA:52,17,0,1
BRDA:52,17,1,1
BRDA:52,18,0,2
BRDA:52,18,1,1
BRDA:57,19,0,9
BRDA:57,19,1,1
BRDA:57,20,0,10
BRDA:57,20,1,2
BRDA:62,21,0,9
BRDA:62,21,1,1
BRDA:62,22,0,10
BRDA:62,22,1,2
BRDA:66,23,0,9
BRDA:66,23,1,1
BRDA:66,24,0,10
BRDA:66,24,1,2
BRDA:70,25,0,8
BRDA:70,25,1,2
BRDA:70,26,0,10
BRDA:70,26,1,3
BRDA:73,27,0,7
BRDA:73,27,1,3
BRDA:73,28,0,10
BRDA:73,28,1,3
BRDA:76,29,0,2
BRDA:76,29,1,8
BRDA:76,30,0,10
BRDA:76,30,1,3
BRDA:76,30,2,3
BRDA:80,31,0,9
BRDA:80,31,1,1
BRF:71
BRH:69
end_of_record
TN:
SF:src\middleware\notificationMiddleware.js
FN:3,(anonymous_0)
FNF:1
FNH:1
FNDA:6,(anonymous_0)
DA:1,3
DA:3,3
DA:4,6
DA:6,6
DA:7,1
DA:12,5
DA:13,0
DA:19,5
DA:20,1
DA:25,4
DA:26,1
DA:31,3
DA:32,1
DA:37,2
DA:40,3
LF:15
LH:14
BRDA:6,0,0,1
BRDA:6,0,1,5
BRDA:6,1,0,6
BRDA:6,1,1,5
BRDA:12,2,0,0
BRDA:12,2,1,5
BRDA:19,3,0,1
BRDA:19,3,1,4
BRDA:25,4,0,1
BRDA:25,4,1,3
BRDA:25,5,0,4
BRDA:25,5,1,3
BRDA:25,5,2,3
BRDA:31,6,0,1
BRDA:31,6,1,2
BRF:15
BRH:14
end_of_record
TN:
SF:src\routes\authRoutes.js
FN:22,(anonymous_0)
FNF:1
FNH:1
FNDA:1,(anonymous_0)
DA:1,2
DA:2,2
DA:3,2
DA:4,2
DA:5,2
DA:8,2
DA:9,2
DA:12,2
DA:17,2
DA:22,2
DA:23,1
DA:30,2
LF:12
LH:12
BRF:0
BRH:0
end_of_record
TN:
SF:src\routes\eventRoutes.js
FNF:0
FNH:0
DA:1,2
DA:2,2
DA:3,2
DA:4,2
DA:6,2
DA:7,2
DA:8,2
DA:9,2
DA:11,2
LF:9
LH:9
BRF:0
BRH:0
end_of_record
TN:
SF:src\routes\historyRoutes.js
FNF:0
FNH:0
DA:1,2
DA:2,2
DA:3,2
DA:4,2
DA:5,2
DA:7,2
DA:8,2
DA:9,2
DA:10,2
DA:12,2
LF:10
LH:10
BRF:0
BRH:0
end_of_record
TN:
SF:src\routes\matchingRoutes.js
FNF:0
FNH:0
DA:1,2
DA:2,2
DA:3,2
DA:4,2
DA:6,2
DA:7,2
DA:8,2
DA:10,2
LF:8
LH:8
BRF:0
BRH:0
end_of_record
TN:
SF:src\routes\notificationRoutes.js
FNF:0
FNH:0
DA:1,2
DA:2,2
DA:3,2
DA:4,2
DA:5,2
DA:7,2
DA:8,2
DA:9,2
DA:10,2
DA:11,2
DA:13,2
LF:11
LH:11
BRF:0
BRH:0
end_of_record
TN:
SF:src\routes\profileRoutes.js
FNF:0
FNH:0
DA:1,2
DA:2,2
DA:3,2
DA:4,2
DA:5,2
DA:8,2
DA:11,2
DA:14,2
DA:21,2
DA:26,2
LF:10
LH:10
BRF:0
BRH:0
end_of_record
TN:
SF:src\services\authService.js
FN:7,(anonymous_0)
FN:43,(anonymous_1)
FN:65,(anonymous_2)
FN:99,(anonymous_3)
FN:134,(anonymous_4)
FN:149,(anonymous_5)
FN:165,(anonymous_6)
FNF:7
FNH:7
FNDA:4,(anonymous_0)
FNDA:2,(anonymous_1)
FNDA:4,(anonymous_2)
FNDA:5,(anonymous_3)
FNDA:2,(anonymous_4)
FNDA:2,(anonymous_5)
FNDA:2,(anonymous_6)
DA:1,13
DA:2,13
DA:3,13
DA:4,13
DA:6,13
DA:8,4
DA:9,4
DA:10,3
DA:11,1
DA:14,2
DA:15,2
DA:16,2
DA:18,2
DA:27,2
DA:28,1
DA:31,1
DA:38,1
DA:39,1
DA:44,2
DA:45,2
DA:53,2
DA:54,1
DA:55,1
DA:58,1
DA:60,0
DA:61,0
DA:66,4
DA:67,4
DA:74,3
DA:75,1
DA:78,2
DA:79,1
DA:82,1
DA:88,1
DA:94,1
DA:95,1
DA:100,5
DA:101,5
DA:103,5
DA:104,4
DA:105,1
DA:106,1
DA:109,3
DA:110,1
DA:111,1
DA:114,2
DA:115,2
DA:116,1
DA:117,1
DA:120,1
DA:126,1
DA:127,1
DA:129,1
DA:130,1
DA:135,2
DA:136,2
DA:144,1
DA:145,1
DA:150,2
DA:151,2
DA:159,1
DA:160,1
DA:166,2
DA:167,2
DA:176,1
DA:177,1
DA:180,1
DA:185,13
LF:68
LH:66
BRDA:10,0,0,1
BRDA:10,0,1,2
BRDA:21,1,0,2
BRDA:21,1,1,2
BRDA:27,2,0,1
BRDA:27,2,1,1
BRDA:53,3,0,1
BRDA:53,3,1,1
BRDA:74,4,0,1
BRDA:74,4,1,2
BRDA:78,5,0,1
BRDA:78,5,1,1
BRDA:104,6,0,1
BRDA:104,6,1,3
BRDA:109,7,0,1
BRDA:109,7,1,2
BRDA:115,8,0,1
BRDA:115,8,1,1
BRDA:176,9,0,1
BRDA:176,9,1,0
BRF:20
BRH:19
end_of_record
TN:
SF:src\services\cronManager.js
FN:4,(anonymous_0)
FN:8,(anonymous_1)
FN:19,(anonymous_2)
FN:26,(anonymous_3)
FNF:4
FNH:4
FNDA:2,(anonymous_0)
FNDA:8,(anonymous_1)
FNDA:19,(anonymous_2)
FNDA:10,(anonymous_3)
DA:1,2
DA:5,2
DA:9,8
DA:10,1
DA:11,1
DA:14,8
DA:15,8
DA:16,8
DA:20,19
DA:21,7
DA:23,19
DA:27,10
DA:31,2
LF:13
LH:13
BRDA:9,0,0,1
BRDA:9,0,1,7
BRF:2
BRH:2
end_of_record
TN:
SF:src\services\eventService.js
FN:27,(anonymous_0)
FN:48,(anonymous_1)
FN:72,(anonymous_2)
FN:78,(anonymous_3)
FN:125,(anonymous_4)
FN:135,(anonymous_5)
FN:163,(anonymous_6)
FNF:7
FNH:5
FNDA:2,(anonymous_0)
FNDA:0,(anonymous_1)
FNDA:1,(anonymous_2)
FNDA:1,(anonymous_3)
FNDA:1,(anonymous_4)
FNDA:0,(anonymous_5)
FNDA:4,(anonymous_6)
DA:1,7
DA:2,7
DA:3,7
DA:5,7
DA:7,7
DA:9,7
DA:27,7
DA:28,2
DA:29,2
DA:34,1
DA:40,1
DA:48,7
DA:49,0
DA:50,0
DA:63,0
DA:65,0
DA:72,7
DA:73,1
DA:74,1
DA:75,1
DA:77,1
DA:78,1
DA:81,1
DA:82,0
DA:89,1
DA:93,1
DA:94,0
DA:100,1
DA:105,1
DA:107,1
DA:109,0
DA:114,0
DA:116,0
DA:121,1
DA:122,1
DA:123,1
DA:125,1
DA:131,0
DA:135,7
DA:136,0
DA:137,0
DA:150,0
DA:151,0
DA:157,0
DA:159,0
DA:163,7
DA:164,4
DA:165,4
DA:167,4
DA:168,0
DA:171,4
DA:172,0
DA:175,4
DA:176,1
DA:181,4
DA:182,3
DA:183,3
DA:185,3
DA:186,1
DA:189,2
DA:190,0
DA:193,2
DA:194,1
DA:197,1
DA:198,1
DA:199,1
DA:202,2
DA:203,0
DA:206,2
DA:221,2
DA:224,2
LF:71
LH:51
BRDA:81,0,0,0
BRDA:81,0,1,1
BRDA:93,1,0,0
BRDA:93,1,1,1
BRDA:122,2,0,1
BRDA:122,2,1,0
BRDA:150,3,0,0
BRDA:150,3,1,0
BRDA:167,4,0,0
BRDA:167,4,1,4
BRDA:171,5,0,0
BRDA:171,5,1,4
BRDA:175,6,0,1
BRDA:175,6,1,3
BRDA:175,7,0,4
BRDA:175,7,1,1
BRDA:181,8,0,3
BRDA:181,8,1,1
BRDA:181,9,0,4
BRDA:181,9,1,1
BRDA:182,10,0,3
BRDA:182,10,1,0
BRDA:183,11,0,3
BRDA:183,11,1,0
BRDA:185,12,0,1
BRDA:185,12,1,2
BRDA:185,13,0,3
BRDA:185,13,1,3
BRDA:189,14,0,0
BRDA:189,14,1,2
BRDA:189,15,0,2
BRDA:189,15,1,2
BRDA:193,16,0,1
BRDA:193,16,1,1
BRDA:193,17,0,2
BRDA:193,17,1,2
BRDA:193,17,2,2
BRDA:198,18,0,1
BRDA:198,18,1,0
BRDA:199,19,0,1
BRDA:199,19,1,0
BRDA:202,20,0,0
BRDA:202,20,1,2
BRDA:225,21,0,2
BRDA:225,21,1,0
BRDA:226,22,0,2
BRDA:226,22,1,0
BRDA:227,23,0,2
BRDA:227,23,1,2
BRF:49
BRH:34
end_of_record
TN:
SF:src\services\historyService.js
FN:5,(anonymous_0)
FN:33,(anonymous_1)
FN:91,(anonymous_2)
FN:109,(anonymous_3)
FN:135,(anonymous_4)
FN:154,(anonymous_5)
FNF:6
FNH:6
FNDA:5,(anonymous_0)
FNDA:3,(anonymous_1)
FNDA:2,(anonymous_2)
FNDA:1,(anonymous_3)
FNDA:2,(anonymous_4)
FNDA:1,(anonymous_5)
DA:1,8
DA:2,8
DA:4,8
DA:6,5
DA:7,5
DA:8,4
DA:11,4
DA:12,4
DA:13,4
DA:14,4
DA:23,4
DA:26,4
DA:28,1
DA:29,1
DA:34,3
DA:35,3
DA:37,3
DA:38,3
DA:40,3
DA:41,0
DA:44,3
DA:55,2
DA:56,1
DA:62,2
DA:63,0
DA:70,0
DA:77,2
DA:82,1
DA:83,1
DA:92,2
DA:93,2
DA:104,1
DA:105,1
DA:110,1
DA:111,1
DA:113,1
DA:128,1
DA:130,0
DA:131,0
DA:136,2
DA:137,2
DA:138,2
DA:139,1
DA:142,1
DA:143,1
DA:149,1
DA:150,1
DA:155,1
DA:156,1
DA:158,0
DA:159,0
DA:164,8
LF:52
LH:45
BRDA:5,0,0,2
BRDA:5,1,0,3
BRDA:7,2,0,2
BRDA:7,2,1,3
BRDA:8,3,0,2
BRDA:8,3,1,2
BRDA:40,4,0,0
BRDA:40,4,1,3
BRDA:40,5,0,3
BRDA:40,5,1,3
BRDA:55,6,0,1
BRDA:55,6,1,1
BRDA:62,7,0,0
BRDA:62,7,1,2
BRDA:138,8,0,1
BRDA:138,8,1,1
BRF:16
BRH:14
end_of_record
TN:
SF:src\services\matchingService.js
FN:7,(anonymous_0)
FN:26,(anonymous_1)
FN:31,(anonymous_2)
FN:36,(anonymous_3)
FN:41,(anonymous_4)
FN:57,(anonymous_5)
FN:61,(anonymous_6)
FN:70,(anonymous_7)
FN:97,(anonymous_8)
FN:111,(anonymous_9)
FN:119,(anonymous_10)
FNF:11
FNH:11
FNDA:4,(anonymous_0)
FNDA:1,(anonymous_1)
FNDA:3,(anonymous_2)
FNDA:2,(anonymous_3)
FNDA:2,(anonymous_4)
FNDA:1,(anonymous_5)
FNDA:2,(anonymous_6)
FNDA:5,(anonymous_7)
FNDA:2,(anonymous_8)
FNDA:2,(anonymous_9)
FNDA:3,(anonymous_10)
DA:1,4
DA:2,4
DA:3,4
DA:4,4
DA:6,4
DA:8,4
DA:9,4
DA:11,4
DA:13,4
DA:14,1
DA:15,1
DA:18,3
DA:26,3
DA:28,3
DA:29,3
DA:31,3
DA:32,3
DA:33,1
DA:36,2
DA:37,2
DA:38,2
DA:41,2
DA:42,2
DA:45,2
DA:47,2
DA:48,2
DA:49,1
DA:52,2
DA:55,3
DA:57,3
DA:61,2
DA:65,1
DA:66,1
DA:71,5
DA:72,5
DA:74,5
DA:75,0
DA:78,5
DA:79,5
DA:80,5
DA:82,5
DA:83,1
DA:84,1
DA:87,4
DA:88,1
DA:89,1
DA:92,3
DA:93,1
DA:94,1
DA:97,2
DA:98,1
DA:99,1
DA:101,1
DA:104,5
DA:106,0
DA:107,0
DA:112,2
DA:113,2
DA:114,1
DA:116,1
DA:117,1
DA:119,1
DA:120,3
DA:121,3
DA:124,1
DA:125,1
DA:127,1
DA:128,1
DA:133,4
LF:69
LH:66
BRDA:13,0,0,1
BRDA:13,0,1,3
BRDA:32,1,0,1
BRDA:32,1,1,2
BRDA:47,2,0,2
BRDA:47,2,1,2
BRDA:47,2,2,2
BRDA:48,3,0,1
BRDA:48,3,1,1
BRDA:74,4,0,0
BRDA:74,4,1,5
BRDA:82,5,0,1
BRDA:82,5,1,4
BRDA:87,6,0,1
BRDA:87,6,1,3
BRDA:92,7,0,1
BRDA:92,7,1,2
BRDA:97,8,0,1
BRDA:97,8,1,1
BRF:19
BRH:18
end_of_record
TN:
SF:src\services\notificationService.js
FN:11,(anonymous_0)
FN:22,(anonymous_1)
FN:31,(anonymous_2)
FN:41,(anonymous_3)
FN:51,(anonymous_4)
FN:65,(anonymous_5)
FN:74,(anonymous_6)
FN:83,(anonymous_7)
FN:97,(anonymous_8)
FNF:9
FNH:9
FNDA:2,(anonymous_0)
FNDA:2,(anonymous_1)
FNDA:1,(anonymous_2)
FNDA:1,(anonymous_3)
FNDA:4,(anonymous_4)
FNDA:1,(anonymous_5)
FNDA:1,(anonymous_6)
FNDA:2,(anonymous_7)
FNDA:2,(anonymous_8)
DA:1,15
DA:2,15
DA:4,15
DA:11,15
DA:12,2
DA:13,2
DA:17,1
DA:18,1
DA:22,15
DA:23,2
DA:24,2
DA:26,1
DA:27,1
DA:31,15
DA:32,1
DA:33,1
DA:34,1
DA:36,0
DA:37,0
DA:41,15
DA:42,1
DA:43,1
DA:44,1
DA:46,0
DA:47,0
DA:51,15
DA:52,4
DA:53,4
DA:60,0
DA:61,0
DA:65,15
DA:66,1
DA:67,1
DA:69,0
DA:70,0
DA:74,15
DA:75,1
DA:76,1
DA:78,0
DA:79,0
DA:83,15
DA:84,2
DA:85,2
DA:86,2
DA:87,1
DA:88,1
DA:90,1
DA:92,0
DA:93,0
DA:97,15
DA:98,2
DA:99,2
DA:100,2
DA:109,1
DA:110,1
DA:112,1
DA:113,1
DA:117,15
LF:58
LH:46
BRDA:51,0,0,3
BRDA:86,1,0,1
BRDA:86,1,1,1
BRF:3
BRH:3
end_of_record
TN:
SF:src\services\profileService.js
FN:4,(anonymous_0)
FN:17,(anonymous_1)
FN:23,(anonymous_2)
FN:54,(anonymous_3)
FN:98,(anonymous_4)
FN:134,(anonymous_5)
FN:149,(anonymous_6)
FN:163,(anonymous_7)
FN:178,(anonymous_8)
FN:212,(anonymous_9)
FNF:10
FNH:10
FNDA:2,(anonymous_0)
FNDA:2,(anonymous_1)
FNDA:2,(anonymous_2)
FNDA:5,(anonymous_3)
FNDA:4,(anonymous_4)
FNDA:3,(anonymous_5)
FNDA:1,(anonymous_6)
FNDA:1,(anonymous_7)
FNDA:4,(anonymous_8)
FNDA:2,(anonymous_9)
DA:1,7
DA:2,7
DA:4,7
DA:5,2
DA:6,2
DA:7,2
DA:8,2
DA:9,2
DA:10,2
DA:11,2
DA:12,2
DA:13,2
DA:16,7
DA:18,2
DA:19,2
DA:23,2
DA:28,1
DA:49,1
DA:50,1
DA:55,5
DA:56,5
DA:58,5
DA:59,4
DA:60,1
DA:63,3
DA:72,3
DA:73,1
DA:76,2
DA:93,1
DA:94,1
DA:99,4
DA:100,4
DA:102,4
DA:103,3
DA:104,1
DA:105,1
DA:111,2
DA:113,2
DA:118,2
DA:119,2
DA:125,1
DA:126,1
DA:135,3
DA:136,3
DA:137,3
DA:139,3
DA:140,2
DA:141,1
DA:142,1
DA:145,1
DA:150,1
DA:154,1
DA:156,1
DA:158,1
DA:164,1
DA:169,1
DA:170,1
DA:179,4
DA:180,4
DA:181,3
DA:182,1
DA:183,1
DA:186,2
DA:187,2
DA:188,1
DA:191,1
DA:192,1
DA:193,0
DA:196,1
DA:197,1
DA:198,0
DA:201,1
DA:207,1
DA:208,1
DA:213,2
DA:214,2
DA:216,1
DA:217,1
DA:222,7
LF:79
LH:77
BRDA:6,0,0,1
BRDA:6,0,1,1
BRDA:7,1,0,1
BRDA:7,1,1,1
BRDA:8,2,0,1
BRDA:8,2,1,1
BRDA:9,3,0,1
BRDA:9,3,1,1
BRDA:10,4,0,1
BRDA:10,4,1,1
BRDA:11,5,0,1
BRDA:11,5,1,1
BRDA:11,6,0,2
BRDA:11,6,1,1
BRDA:12,7,0,1
BRDA:12,7,1,1
BRDA:12,8,0,2
BRDA:12,8,1,1
BRDA:59,9,0,1
BRDA:59,9,1,3
BRDA:72,10,0,1
BRDA:72,10,1,2
BRDA:81,11,0,2
BRDA:81,11,1,1
BRDA:103,12,0,1
BRDA:103,12,1,2
BRDA:140,13,0,1
BRDA:140,13,1,1
BRDA:146,14,0,1
BRDA:146,14,1,0
BRDA:148,15,0,1
BRDA:148,15,1,0
BRDA:150,16,0,1
BRDA:150,16,1,0
BRDA:181,17,0,1
BRDA:181,17,1,2
BRDA:187,18,0,1
BRDA:187,18,1,1
BRDA:192,19,0,0
BRDA:192,19,1,1
BRDA:197,20,0,0
BRDA:197,20,1,1
BRF:42
BRH:37
end_of_record
TN:
SF:src\utils\validators.js
FN:22,(anonymous_0)
FN:45,(anonymous_1)
FN:57,(anonymous_2)
FN:73,(anonymous_3)
FN:96,(anonymous_4)
FNF:5
FNH:5
FNDA:14,(anonymous_0)
FNDA:8,(anonymous_1)
FNDA:5,(anonymous_2)
FNDA:7,(anonymous_3)
FNDA:3,(anonymous_4)
DA:1,2
DA:3,2
DA:23,14
DA:24,14
DA:25,9
DA:30,5
DA:34,2
DA:46,8
DA:47,8
DA:48,4
DA:53,4
DA:57,2
DA:58,5
DA:59,5
DA:61,5
DA:62,1
DA:65,5
DA:66,1
DA:69,5
DA:70,5
DA:71,1
DA:73,7
DA:74,4
DA:75,1
DA:80,5
DA:81,4
DA:87,1
DA:90,2
DA:97,3
DA:98,3
DA:99,2
DA:104,1
LF:32
LH:32
BRDA:24,0,0,9
BRDA:24,0,1,5
BRDA:47,1,0,4
BRDA:47,1,1,4
BRDA:61,2,0,1
BRDA:61,2,1,4
BRDA:61,3,0,5
BRDA:61,3,1,5
BRDA:61,3,2,4
BRDA:65,4,0,1
BRDA:65,4,1,4
BRDA:65,5,0,5
BRDA:65,5,1,5
BRDA:69,6,0,5
BRDA:69,6,1,0
BRDA:70,7,0,1
BRDA:70,7,1,4
BRDA:74,8,0,1
BRDA:74,8,1,3
BRDA:80,9,0,4
BRDA:80,9,1,1
BRDA:98,10,0,2
BRDA:98,10,1,1
BRF:23
BRH:22
end_of_record
